abdo;[u'abdominal'];(xxe siècle) apocope de abdominal, dérivé de abdomen, lui-même dénominal du verbe latin abdo !
abdo;[];avec le préfixe ab-, d’un verbe *do, dere disparu ; voyez les explications détaillées à facio.
admin;[u'administrateur'];apocope de administrateur.
admin;[u'administration', u'administrator'];apocope de administration et de administrator.
agreg;[u'agr\xe9gation'];apocope d’agrégation.
agrég;[u'agr\xe9gation'];apocope d’agrégation.
agrég’;[u'agr\xe9gation'];apocope d’agrégation.
alcoolo;[u'alcoolique'];apocope d’alcoolique, avec le suffixe -o pour le caractère familier.
alex;[u'alexandre'];(prénom) (date à préciser) apocope de alexandre.
alex;[];alex pourrait provenir du nom (latin ?) d’une tribu, alaius. (information à préciser ou à vérifier)
alex;[];du latin alexander, lui-même issu du grec ancien ἀλέξανδρος, aléksandros.
alex;[];étymologie manquante ou incomplète. si vous la connaissez, vous pouvez l’ajouter en cliquant ici.
alex;[];étymologie manquante ou incomplète. si vous la connaissez, vous pouvez l’ajouter en cliquant ici.
alim;[u'alimentation'];apocope de alimentation.
alim;[];étymologie manquante ou incomplète. si vous la connaissez, vous pouvez l’ajouter en cliquant ici.
alim;[];de l'arabe عالِم.
alu;[u'aluminium'];apocope d’aluminium.
alu;[];étymologie manquante ou incomplète. si vous la connaissez, vous pouvez l’ajouter en cliquant ici.
alu;[];étymologie manquante ou incomplète. si vous la connaissez, vous pouvez l’ajouter en cliquant ici.
alu;[];étymologie manquante ou incomplète. si vous la connaissez, vous pouvez l’ajouter en cliquant ici.
alu;[];étymologie manquante ou incomplète. si vous la connaissez, vous pouvez l’ajouter en cliquant ici.
alu;[];étymologie manquante ou incomplète. si vous la connaissez, vous pouvez l’ajouter en cliquant ici.
alu;[];étymologie manquante ou incomplète. si vous la connaissez, vous pouvez l’ajouter en cliquant ici.
amphé;[u'amph\xe9tamine'];apocope de amphétamine.
amphète;[u'amph\xe9tamine'];(date à préciser) apocope phonétique d’amphétamine.
anglo;[u'anglophone'];(date à préciser) apocope de anglophone.
anglo;[];du latin anglus.
anglo;[];ce gentilé désigne les habitants du lieu, les personnes qui en sont originaires ou qui le représentent.
anglo;[];étymologie manquante ou incomplète. si vous la connaissez, vous pouvez l’ajouter en cliquant ici.
anglo;[];du latin anglus → voir inglês.
anti-antifa;[u'anti-antifascisme'];apocope de anti-antifascisme, sur le modèle de antifa.
antifa;[u'antifasciste'];(nom commun) (xxe siècle) apocope de antifasciste.
antigaspi;[u'anti-gaspillage'];(nom commun) apocope de anti-gaspillage.
appart;[u'appartement'];(siècle à préciser) apocope de appartement.
appart’;[u'appartement'];(siècle à préciser) apocope de appartement.
appli;[];(nom 1) du latin applex (« ce qui s’applique »). → voir aplet.
appli;[u'application'];(nom 2) apocope de application.
appt;[];par apocope.
aprème;[u'apr\xe8s-midi'];(siècle à préciser) apocope d’après-midi.
archéo;[];(ajdectif) par diminutivation de archaïque avec le suffixe -o.
archéo;[u'arch\xe9ologie'];(nom commun) par apocope de archéologie.
argu;[u'argumentaire'];apocope de argumentaire.
argu;[];déverbal de arguer.
aspi;[u'aspirant'];(nom commun 1) apocope de aspirant.
aspi;[u'aspirateur'];(nom commun 2) apocope de aspirateur.
aspi;[];(nom commun 3) abrévition de asperger, nom de famille d’un scientifique autrichien.
asso;[u'association'];apocope de association.
astro;[u'astrologie'];(nom 1) apocope d’astrologie
astro;[u'astronomie'];(nom 2) apocope d’astronomie.
astro;[];du latin astrum, du grec ancien ἄστρον, ástron.
astro;[];étymologie manquante ou incomplète. si vous la connaissez, vous pouvez l’ajouter en cliquant ici.
astro;[];étymologie manquante ou incomplète. si vous la connaissez, vous pouvez l’ajouter en cliquant ici.
astro;[];étymologie manquante ou incomplète. si vous la connaissez, vous pouvez l’ajouter en cliquant ici.
astro;[];étymologie manquante ou incomplète. si vous la connaissez, vous pouvez l’ajouter en cliquant ici.
auto;[u'automobile'];apocope de automobile.
auto;[];étymologie manquante ou incomplète. si vous la connaissez, vous pouvez l’ajouter en cliquant ici.
auto;[u'automobile'];apocope de automobile.
auto;[u'autom\xf2bil'];apocope de automòbil.
auto;[];(nom 1) du latin actus (« acte »).
auto;[u'autom\xf3vil'];(nom 2) apocope de automóvil [1].
auto;[];étymologie manquante ou incomplète. si vous la connaissez, vous pouvez l’ajouter en cliquant ici.
auto;[];je conduis une voiture.
auto;[];je me déplace en voiture.
auto;[];je suis dans une/la voiture.
auto;[];la voiture est là-bas.
auto;[];il y a une voiture là-bas.
auto;[];marchand de voiture.
auto;[u'automobile'];apocope de automobile.
auto;[];étymologie manquante ou incomplète. si vous la connaissez, vous pouvez l’ajouter en cliquant ici.
auto;[];(nom 1) du latin actus (« acte »).
auto;[u'autom\xf3vel'];(nom 2) apocope de automóvel.
auto;[u'automobil'];apocope de automobil.
auto;[u'automobil'];apocope de automobil.
autocom;[u'autocommutateur'];apocope d’autocommutateur.
autor;[u'autorit\xe9'];apocope d’autorité.
autor;[];du latin autor (« agent, auteur »).
autor;[];étymologie manquante ou incomplète. si vous la connaissez, vous pouvez l’ajouter en cliquant ici.
autor;[];2 : du latin auctor.
autor;[];du latin autor (« agent, auteur »).
autor;[];du latin autor (« agent, auteur »).
autor;[];du latin autor (« agent, auteur »).
autor;[];du latin autor (« agent, auteur »).
autor;[];du latin autor (« agent, auteur »).
bac;[];(nom 1) mot probablement gaulois [1] : *bacu (« récipient ») est attesté en latin vulgaire sous la forme bacar, bacarium → voir bassin.
bac;[u'baccalaur\xe9at'];(nom 2) mot dérivé de baccalauréat par apocope.
balnéo;[];(sens 1) du latin balneum (« bain »).
balnéo;[u'baln\xe9oth\xe9rapie'];(sens 2) apocope de balnéothérapie.
barbac;[u'barbecue'];apocope de barbecue.
barbeuc;[u'barbecue'];(siècle à préciser) apocope phonétique de barbecue.
barbo;[u'barbouillage'];apocope de barbouillage.
barbo;[];étymologie manquante ou incomplète. si vous la connaissez, vous pouvez l’ajouter en cliquant ici.
barbo;[];mot composé de barb- et -o (substantif).
barbo;[];étymologie manquante ou incomplète. si vous la connaissez, vous pouvez l’ajouter en cliquant ici.
béa;[u'b\xe9atrice'];(date à préciser) apocope de béatrice.
beauf;[u'beau-fr\xe8re'];apocope de beau-frère.
beauf;[];(par métonymie) personnage créé par le dessinateur cabu dans hara-kiri puis charlie-hebdo et désignant le stéréotype du français moyen, vulgaire, borné et chauvin. ce beauf rejoint le bof (beurre/œuf/fromage), commerçant fromager sans éthique ni culture, vivant du marché noir durant la seconde guerre mondiale, que l’on peut retrouver dans l’œuvre de jean dutourd : au bon beurre.
bénouze;[u'b\xe9nard'];(siècle à préciser) apocope de bénard avec le suffixe -ouze.
bénouze;[];→ voir pantalon
bic;[];(nom commun 1) (date à préciser) du nom de la société créée par le baron bich (société qui produit des stylos à bille, des rasoirs et des briquets jetables).
bic;[u'bicot'];(nom commun 2) (date à préciser) par apocope de bicot.
bob;[];(nom 1) l'origine du terme provient d'un sobriquet des soldats américains qui furent les premiers à utiliser ce couvre-chef. en effet, lors de la seconde guerre mondiale, les français les avaient surnommés les roberts. or le diminutif de robert est bob.
bob;[u'bobsleigh'];(nom 2) apocope de bobsleigh.
bob;[];(nom 1) sans doute une racine expressive ; probablement dérivé du radical onomatopéique bob- exprimant le mouvement des lèvres (→ voir beuh et blabla), donc ce qui est enflé, cylindrique ; à comparer avec le français bobine.
bob;[];(nom 2) de l’anglo-saxon bobbe (« grappe ») source.
bob;[];(nom 3) origine inconnue ; comparer avec 1 et le côté cylindrique de la pièce.
bob;[];le bouchon flottait doucement de bas en haut et de haut en bas dans l’eau calme.
bob;[];hocher la tête.
bob;[];je me suis fait couper les cheveux au carré. comment les trouves-tu ?
bob;[];acronyme de bewust onbeschonken bestuurder « conducteur conscient de rester sobre ».
bob;[];mot présent dans les langues slaves sous diverses variantes : bób en polonais, боб bob en russe, etc.
bob;[];la racine protoslave *bob est à rapprocher du latin faba et plus avant de la racine indoeuropéenne *bhabha qui est de toute évidence le redoublement expressif d'une racine qui évoque un fruit sec, racine elle-même à rapprocher de l’allemand bohne, de l’anglais bean ; voyez également baie, du latin baca (« fruit du laurier »).
bob;[];mot présent dans les langues slaves sous diverses variantes : bób en polonais, боб bob en russe, etc.
bob;[];la racine protoslave *bob est à rapprocher du latin faba et plus avant de la racine indoeuropéenne *bhabha qui est de toute évidence le redoublement expressif d'une racine qui évoque un fruit sec, racine elle-même à rapprocher de l’allemand bohne, de l’anglais bean ; voyez également baie, du latin baca (« fruit du laurier »).
bouille;[];(nom commun 1) (xviie siècle) déverbal de bouiller, du latin bullare (« bouillonner, faire des bulles ») sans rapport avec l'ancien français bole, boule au sens de « massue ».
bouille;[];(nom commun 2) (attesté en 1353) en suisse, sous la forme bolie et le sens de « mesure de capacité (pour le vin, le raisin) » ; (1569) sens plus général de « récipient » : boille a l’avaine « panier ou hotte pour l’avoine » ; (1751) apparaît le sens « mesure pour le charbon ». du latin vulgaire *bāiula (« récipient pour l'eau »), issu du latin baiulare (« porter une charge »).
bouille;[];(nom commun 3) (xive siècle) emprunt au catalan bolla (« sceau appliqué sur les draps ») qui correspond au français bulle, (« sceau »).
bouille;[u'bouillotte'];(nom commun 4) (vers 1890) apocope de l’argot bouillotte, de même sens.
bouille;[];voir bouier (« ruisseau boueux »).
bourre;[];(nom commun 1) du latin burra, « étoffe grossière ».
bourre;[u'bourrique'];(nom commun 2) (xxe siècle) par référence à l’expression bourrer de coups [1], ou apocope de bourrique (« policier ») [2]
bourre;[];(nom commun 3) de l’occitan borra.
bull;[u'bulldozer'];apocope de bulldozer.
bull;[u'bullshit'];(verbe) apocope de bullshit.
bull;[];le taureau est le mâle de la vache.
bull;[];pourquoi ce flic est-il encore en train de fouiner ici ?
bull;[];c’est un ramassis de bêtises.
bull;[];une nouvelle bulle papale est parue.
caf’conc;[u'caf\xe9-concert'];apocope de café-concert.
caf’conc’;[u'caf\xe9-concert'];apocope de café-concert.
caille;[u'du xiie si\xe8cle) de l\u2019ancien fran\xe7ais quaille', u'*hwahtila \xab\xa0caille'];(nom 1) (début du xiie siècle) de l’ancien français quaille, du latin quaccola (gloses de reichenau, viiie s.), emprunté du francique *kwakila (cf. flamand kwakkel), issu du croisement de kwak « cacabe » et de *hwahtila « caille », lui-même continué par le néerlandais régional wachtel et apparenté à l’allemand wachtel.
caille;[u'caillera'];(nom 2) (fin du xxe siècle) par apocope de caillera, verlan de racaille.
caille;[];→ voir racaille.
calo;[u'calorif\xe8re'];(nom 1) apocope de calorifère.
calo;[];(nom 2) du caló caló (« sombre »), les gitans ayant la peau plus sombre que les européens.
calo;[];étymologie manquante ou incomplète. si vous la connaissez, vous pouvez l’ajouter en cliquant ici.
calo;[];déverbal de calare (« baisser »).
calo;[];(noms communs) de cāla (« morceau de bois » → voir cale) qui correspond au grec ancien κᾶλον, kalon.
calo;[];(verbe) de l’indo-européen commun *kle [2] (« appeler, crier »). le dictionnaire étymologique latin [1] explique :intercalare c’est annoncer un jour ou un mois supplémentaire. le livre où étaient consignés les changements de lune s’appelait calendarium. tous ces mots, qui faisaient partie de la langue religieuse, s’écrivaient aussi, selon l’ancienne orthographe, avec un k. pour la métathèse de cal en cla, voyez le grec ancien καλέω, dont le parfait fait κέκληκα (l’un de ses dérivés est ἐκκλησία qui donne en latin ec-clesia « assemblée, église »). clamare suppose un primitif *clama formé comme fama. clarus (formé sur le radical cla) signifiait d’abord « clair, éclatant » (en parlant de la voix). il a signifié ensuite « éclatant » (en parlant de la lumière) et enfin « remarquable, illustre ». classis est peut-être un mot emprunté au grec ancien. le verbe καλέω appartient à la conjugaison en e : dans calendae il s’est peut-être conservé une trace de cette conjugaison. ce mot doit s’entendre au sens actif : calendae « l’appel ».
calo;[];intercalare c’est annoncer un jour ou un mois supplémentaire. le livre où étaient consignés les changements de lune s’appelait calendarium. tous ces mots, qui faisaient partie de la langue religieuse, s’écrivaient aussi, selon l’ancienne orthographe, avec un k. pour la métathèse de cal en cla, voyez le grec ancien καλέω, dont le parfait fait κέκληκα (l’un de ses dérivés est ἐκκλησία qui donne en latin ec-clesia « assemblée, église »). clamare suppose un primitif *clama formé comme fama. clarus (formé sur le radical cla) signifiait d’abord « clair, éclatant » (en parlant de la voix). il a signifié ensuite « éclatant » (en parlant de la lumière) et enfin « remarquable, illustre ». classis est peut-être un mot emprunté au grec ancien. le verbe καλέω appartient à la conjugaison en e : dans calendae il s’est peut-être conservé une trace de cette conjugaison. ce mot doit s’entendre au sens actif : calendae « l’appel ».
calva;[u'calvados'];apocope de calvados.
calva;[];on le rattache au vieux slave glova (« tête ») issu de la même racine *glo- en indo-européen commun et en protoslave, lequel a donné głowa en polonais, голова en russe et ukrainien ou hlava en tchèque et slovène.
came;[];(nom 1) de l’allemand kamm (« peigne »), provenant du moyen haut-allemand kambe.
came;[u'camelote'];(nom 2) apocope de camelote.
came;[];(nom 3) du latin chama, emprunté du grec.
came;[];du latin camera.
cannib’s;[u'cannibale'];(fin xixe siècle) apocope de cannibale.
canular;[u'canularium'];apocope de canularium.
canular;[u'canulard'];apocope de canulard.
canular;[];mystification humoristique :
cap;[];(xiiie siècle) de l’occitan cap, plus avant, du latin caput (« tête »), qui a également donné chef.
cap;[u'capable'];(adjectif) apocope de capable.
cap;[];du latin caput. attesté dans le poème sur boèce, daté de la première moitié du xième siècle.
cap;[];(siècle à préciser) du moyen anglais cappe.
cap;[];(1200) du latin caput.
cap;[];nous allons vers chez lui.
cap;[];s’utilise souvent suivi de la préposition a : cap a dins, cap a fòra.
cap;[];étymologie manquante ou incomplète. si vous la connaissez, vous pouvez l’ajouter en cliquant ici.
cap;[];étymologie manquante ou incomplète. si vous la connaissez, vous pouvez l’ajouter en cliquant ici.
cap;[];(siècle à préciser) du latin caput.
cap;[];(xie siècle) (→ voir cap en ancien occitan) du latin caput.
cap;[];bonne tête
cap;[];mauvaise tête
cap;[];perdre la tête
cap;[];crier à tue-tête
cap;[];la tête haute
cap;[];tomber la tête la première
cap;[];tête à tête
cap;[];ancien jurement gascon
cap;[];en faire à sa tête
cap;[];se dit d’un homme obstiné dans ses résolutions
cap;[];chef de la jeunesse
cap;[];chef de famille
cap;[];chef-lieu judiciaire
cap;[];chef de file
cap;[];tu es l’auteur de cela.
cap;[];le cap d’agde
cap;[];point culminant d’un coteau, d’une route
cap;[];le coucou, lui, n’avait aucun nom.
carbu;[u'carburateur'];apocope de carburateur.
cassos;[];(interjection) (date à préciser) de se casser.
cassos;[u'cas social'];(nom commun) (date à préciser) apocope de cas social.
catho;[u'catholique'];apocope de catholique.
certif;[u'certificat'];apocope de certificat.
chef diplo;[u'diplomatie'];apposition de chef et de diplo, apocope de diplomatie.
chik;[u'chikungunya'];apocope de chikungunya.
chik;[];étymologie manquante ou incomplète. si vous la connaissez, vous pouvez l’ajouter en cliquant ici.
chimio;[u'chimioth\xe9rapie'];apocope de chimiothérapie.
chiro;[u'chiropraticien'];apocope de chiropraticien.
chiro;[];étymologie manquante ou incomplète. si vous la connaissez, vous pouvez l’ajouter en cliquant ici.
choco;[u'chocolat'];(nom 1) par apocope de chocolat.
choco;[];(nom 2) étymologie manquante ou incomplète. si vous la connaissez, vous pouvez l’ajouter en cliquant ici.
choré;[u'chor\xe9graphie'];apocope de chorégraphie.
chromo;[u'chromolithographie'];apocope de chromolithographie.
chrono;[u'chronom\xe8tre'];(nom) apocope de chronomètre.
chrono;[u'chronom\xe9tr\xe9'];(adjectif) apocope de chronométré.
chrono;[];étymologie manquante ou incomplète. si vous la connaissez, vous pouvez l’ajouter en cliquant ici.
cinéma;[u'cin\xe9matographe'];apocope de cinématographe.
cinéma;[];du grec ancien κίνημα, kínêma (« mouvement »).
clito;[u'clitoris'];apocope de clitoris.
cloclo;[u'avec redoublement de syllabe'];par apocope avec redoublement de syllabe.
coloc;[u'colocataire'];(nom commun 1) apocope de colocataire.
coloc;[u'colocation'];(nom commun 2) apocope de colocation.
combi;[u'combinaison'];(nom commun 1) apocope de combinaison.
combi;[u'kombinationenwagen'];(nom commun 2) du nom du volkswagen combi, dans lequel combi est l’abréviation de l’allemand kombinationenwagen, « véhicule multi-usage ».
combi;[u'combinatiewagen'];apocope de combinatiewagen.
compile;[u'compilation'];(nom) apocope de compilation.
compile;[u'xive si\xe8cle)'];de l'ancien français compiler (début xive siècle)
compo;[u'composition'];apocope de composition.
condo;[u'condominium'];(nom 1) apocope de condominium.
condo;[u'condensateur'];(nom 2) abréviation de condensateur.
condo;[u'condominium'];apocope de condominium.
condo;[];avec le préfixe con-, d’un verbe *do, dere disparu ; voyez les explications détaillées à facio.
conso;[u'consommation'];(nom commun 1) apocope de consommation.
conso;[u'consolidation'];(nom commun 2) apocope de consolidation.
contrib;[u'contribution'];par apocope de contribution.
copil;[u'comit\xe9', u'pilotage'];apocope de comité et pilotage.
copil;[];l'étymologie de ce mot est inconnue, peut être d'origine locale.
couv’;[u'couverture'];apocope de couverture.
créa;[u'cr\xe9ation'];(nom) apocope de création.
cross-merch;[u'cross-merchandising'];apocope de cross-merchandising.
crypto;[u'cryptographie'];(nom 1) apocope de cryptographie.
crypto;[u'cryptologie'];(nom 2) apocope de cryptologie.
cubi;[u'cubitainer'];apocope de cubitainer.
cunni;[u'cunnilingus'];apocope de cunnilingus.
cyber-;[u'cybern\xe9tique'];apocope de cybernétique.
cyber-;[u'cybernetic'];apocope de cybernetic.
cyclo;[u'cyclomoteur'];apocope de cyclomoteur.
cyclo;[];étymologie manquante ou incomplète. si vous la connaissez, vous pouvez l’ajouter en cliquant ici.
d’ac;[u'accord'];(date à préciser) apocope de d’accord.
deb;[u'd\xe9butante'];apocope de débutante.
dèche;[u'd\xe9ch\xe9ance'];(1837) vient du mot déchéance par apocope.
déci;[u'd\xe9cilitre'];apocope de « décilitre ».
déco;[u'd\xe9coration'];(nom commun 1) (date à préciser) apocope du mot décoration.
déco;[u'd\xe9connexion'];(nom commun 2) (date à préciser) apocope du mot déconnexion.
démago;[u'd\xe9magogique'];(adjectif) apocope de démagogique.
démago;[u'd\xe9magogue'];(nom) apocope de démagogue.
demi;[];(siècle à préciser) du latin dimidius (« demi ») dérivant de dis (participe marquant une division, voisin de bis) et de medius (« qui est au milieu, central »).
demi;[u'demiard', u'demi-chopine'];(siècle à préciser) (verre de bière) apocope du mot demiard ou demi-chopine.
demi;[];sérieux, panaché
demi;[];demi s’accorde généralement en genre (mais pas en nombre) avec le nom qu’il détermine quand il est placé immédiatement après ce nom et reste invariable quand il le précède.une demi-heure. — une heure et demie.un demi-jour. — cinq jours et demi.
demi;[];dans les locutions proverbiales et elliptiques, il renchérit sur la qualité exprimée par le nom qu’il détermine.
demi;[];étymologie manquante ou incomplète. si vous la connaissez, vous pouvez l’ajouter en cliquant ici.
démo;[u'd\xe9monstration'];(xxe siècle) apocope de démonstration ; francisation de l'anglais demo.
der;[u'dernier'];apocope de dernier.
der;[];étymologie manquante ou incomplète. si vous la connaissez, vous pouvez l’ajouter en cliquant ici.
der;[];du vieux haut allemand ther, der.
der;[];le train arrive.
der;[];c’est klaus (en allemand, on met souvent un article devant les prénoms).
der;[];à la fin de la semaine.
der;[];pendant les vacances, j’étais à la mer.
der;[];ne fais pas attention, c’est la maison des enfants ici.
der;[];c'est lui qui l'a fait.
der;[];je cherche le fils de karla. c’est toi ? (litt. : tu es celui-là ?).
der;[];le train qui vient de partir revenait de munich.
der;[];étymologie manquante ou incomplète. si vous la connaissez, vous pouvez l’ajouter en cliquant ici.
der;[];forme et orthographe du dialecte puter.
der;[];étymologie manquante ou incomplète. si vous la connaissez, vous pouvez l’ajouter en cliquant ici.
der;[];étymologie manquante ou incomplète. si vous la connaissez, vous pouvez l’ajouter en cliquant ici.
der;[];étymologie manquante ou incomplète. si vous la connaissez, vous pouvez l’ajouter en cliquant ici.
déter;[u'd\xe9termin\xe9'];apocope de déterminé.
dia;[];(interjection) probablement d’une onomatopée.
dia;[u'diapositive'];(nom 1) apocope de diapositive, diapo.
dia;[];(nom 2) étymologie manquante ou incomplète. si vous la connaissez, vous pouvez l’ajouter en cliquant ici..
dia;[];du latin dies.
dia;[];du latin dies (« jour »).
dia;[];de dio (« dieu ») et -a (terminaison des adjectifs).
dia;[];étymologie manquante ou incomplète. si vous la connaissez, vous pouvez l’ajouter en cliquant ici.
dia;[];étymologie manquante ou incomplète. si vous la connaissez, vous pouvez l’ajouter en cliquant ici.
dia;[];étymologie manquante ou incomplète. si vous la connaissez, vous pouvez l’ajouter en cliquant ici.
dia;[];étymologie manquante ou incomplète. si vous la connaissez, vous pouvez l’ajouter en cliquant ici.
dia;[];du latin dies (« jour »).
diapo;[u'diapositive'];apocope de diapositive.
didi;[u'avec redoublement expressif'];apocope avec redoublement expressif.
dino;[u'dinosaure'];(siècle à préciser) apocope de dinosaure.
diplo;[u'diplomatie'];apocope de diplomatie.
dircab;[];contraction des mots directeur et cabinet .
disco;[u'discoth\xe8que'];(xxe siècle) apocope de discothèque.
disco;[u'discotheque'];apocope de discotheque, venant du français discothèque.
disco;[];(1) du latin discus, sens similaire.
disco;[u'discoteca'];(2) apocope de discoteca.
disco;[];du latin discus, sens similaire.
disco;[];du latin discus, sens similaire.
disco;[];voyez doceo (« enseigner ») ; pour le redoublement du radical au parfait, comparez avec le grec ancien διδάσκω, didasko (« enseigner »).
disco;[];du latin discus, sens similaire.
dispo;[u'disponible'];apocope de disponible.
distrib;[u'distribution'];apocope de distribution.
doc;[u'documentation'];(1) apocope de documentation.
doc;[u'document'];(2) apocope de document.
doc;[u'docteur'];(3) apocope de docteur.
doc;[];étymologie manquante ou incomplète. si vous la connaissez, vous pouvez l’ajouter en cliquant ici.
doc;[];étymologie manquante ou incomplète. si vous la connaissez, vous pouvez l’ajouter en cliquant ici.
dodo;[u'dominique'];apocope de dominique avec redoublement hypocoristique.
dodo;[];étymologie manquante ou incomplète. si vous la connaissez, vous pouvez l’ajouter en cliquant ici.
duroc;[u'la maison du roc'];on retient actuellement deux origines possibles :est une apocope de la maison du roc. la famille avait une maison près d'un rocher.la famille vient du roc, qui est le nom d’une commune du lot mais aussi de nombreux hameaux.
e-cig;[u'e-cigarette'];apocope de e-cigarette.
e-cig;[u'e-cigarette'];apocope de e-cigarette.
éco;[u'\xe9conomie'];apocope de économie.
édito;[u'\xe9ditorial'];(siècle à préciser) apocope de éditorial.
électro;[u'\xe9lectronique'];apocope de électronique.
enduro;[u'endurance'];(xxe siècle) apocope de endurance.
entre nous;[u'entre nous deux', u'nous'];(sens 2) apocope de l’expression entre nous deux, sans que personne ne nous entende. → voir entre et nous.
esq;[u'esquisse'];apocope d’esquisse.
eu;[u'du fran\xe7ais euro'];par apocope du français euro.
eu;[];seule une minorité de noms français en -eu ont leur pluriel en -eus au lieu de -eux : beu, bisteu, bleu, émeu, enfeu, eu, lieu (dans le sens du poisson), neuneu, pneu, rebeu.
eu;[];du latin ego.
eu;[];je l’entendis dire à des clercs et à des lettrés de bonne marque, comme le montre la passion où l’on lit ces leçons — (traduction par antoine thomas)
eu;[];du grec ancien εὖ, eu (« bien »).
eu;[];du latin ego (« moi, je »).
eu;[];du latin ego.
eu;[];l’usage du pronom personnel sujet est optionnel. sa présence a un effet emphatique sur le sujet, il se traduit alors par « moi je » :sînt bogat : je suis richeeu sînt bogat : moi, je suis riche.
eu;[];il permet aussi de lever des ambiguïtés sur le sujet :
euro;[u'europe'];apocope de europe.
euro;[];de europa (« europe »), par décision du conseil européen, réuni à madrid les 15 et 16 décembre 1995.
euro;[];cent centimes ont même valeur qu’un euro.
euro;[];cela coûte vingt euros.
euro;[];voyez euro et euro.
euro;[];les tchèques ont fini de jouer [ont été sortis de] l’euro [2012 de football].
expat;[u'expatri\xe9'];apocope de expatrié.
expat;[u'expatriate'];apocope de expatriate.
expé;[u'exp\xe9dition'];apocope de expédition.
extra;[u'extraordinaire'];(xviiie siècle) apocope de extraordinaire avec le sens, aujourd'hui désuet de « jour exceptionnel d'audience en période habituelle de fermeture du palais de justice ».
extra;[];c'est extra !
extra;[];il a horreur, dans un dîner, de tout ce qui sent la recherche, les vins extra, les mets montés. (goncourt, journal, 1863, p. 1361)comme j'étais pour aimé un client préféré, il était ravi que je donnasse de ces dîners extras [...]. (proust, sodome,1922, p. 1083)
extra;[u'du xxe'];le pluriel était invariable au xixe siècle[1]. l'usage du « s » tend à se généraliser depuis le début du xxe.
extra;[u'du xxe'];alors que le pluriel était invariable au xixe siècle, l'usage du « s » tend à se généraliser depuis le début du xxe.
extra;[];du latin extra.
extra;[];du latin extra.
extra;[];du latin extra.
extra;[];d’extera, forme déclinée d’exter.
extra;[];sans plaisanterie.
extra;[];excepté le général.
extra;[];du latin extra.
extra;[];il a donné deux euros en plus.
extra;[];en option, en supplément, en sus.
fédé;[u'f\xe9d\xe9ration'];par apocope de fédération.
filmo;[u'filmographie'];apocope de filmographie.
filmo;[];étymologie manquante ou incomplète. si vous la connaissez, vous pouvez l’ajouter en cliquant ici.
filmo;[];mot composé de film- et -o « substantif »
fipu;[];contraction des mots finances et publiques.
flip;[];(1) (2) depuis 1716 (« espèce de punch »), de l'anglais flip (depuis 1695, « boisson chaude et sucrée à base de bière et de spiritueux »).
flip;[];(3) depuis 1978, de flipper (« avoir peur »).
flip;[u'flip-flap'];(4) apocope de flip-flap (« figure de gymnastique »).
flip;[];adjectif de flippant (« désinvolte »).
flip;[];je déteste être frivole mais nous pourrions peut-être voler un sapin de noël.
flip;[];retournons cette carte pour voir ce qu’il y a dessous.
flip;[];allumez/éteignez la lumière s’il vous plaît.
flip;[];tu dois retourner la crêpe de l’autre côté.
flip;[];il est devenu fou quand il a entendu ce qu’ils avaient prévu.
flip;[];étymologie manquante ou incomplète. si vous la connaissez, vous pouvez l’ajouter en cliquant ici.
flo;[u'florence', u'florian'];(siècle à préciser) apocope des prénoms florence et florian.
flo;[u'florence', u'flora'];(siècle à préciser) apocope des prénoms florence et flora.
fluo;[u'fluorescent'];apocope de fluorescent.
fluo;[];déverbal de flui.
fluo;[];déverbal de fluar.
fluo;[];le dictionnaire étymologique latin explique :fluere est pour *fluguere, comme struere est pour *struguere. la gutturale est restée au parfait fluxi pour *fluc-si, et dans un certain nombre d'anciens dérivés, comme fluc-tus, confluges, etc. au contraire, les dérivés récents, tels que fluitans, fluidus ne présentent plus trace du /g/. lucrèce emploie un adjectif fluvidus : sed quod amara vides eadem quae fluvida constant.
fluo;[];de l’indo-européen commun *bhleu [1] (« couler ») → voir φλύω et φλέω en grec ancien, blít en tchèque.
fluo;[];fluere est pour *fluguere, comme struere est pour *struguere. la gutturale est restée au parfait fluxi pour *fluc-si, et dans un certain nombre d'anciens dérivés, comme fluc-tus, confluges, etc. au contraire, les dérivés récents, tels que fluitans, fluidus ne présentent plus trace du /g/. lucrèce emploie un adjectif fluvidus : sed quod amara vides eadem quae fluvida constant.
foot;[u'football'];apocope de football.
foot;[];de l'anglo-saxon fōt, du proto-germanique *fōts, de l’indo-européen commun *pṓds.
frappe;[];(nom 1) déverbal de frapper.
frappe;[u'frapouille'];(nom 2) de frapouille, par apocope.
fric;[u'fricot'];(xixe siècle) apocope de fricot sous l'influence de fricoter (« être dans des affaires louches »). autre origine possible du mot: emprunt à l'arabe dialectal "frick" (blé concassé).
fumi;[u'fumig\xe8ne'];apocope de fumigène.
fumi;[];étymologie manquante ou incomplète. si vous la connaissez, vous pouvez l’ajouter en cliquant ici.
gaspi;[u'gaspillage'];apocope de gaspillage, de gaspiller.
gégé;[u'g\xe9rard'];apocope de gérard avec redoublement hypocoristique.
giga;[u'gigantesque'];(adjectif) apocope de « gigantesque », influencé par le préfixe « giga- ».
giga;[u'gigaoctet'];(nom) apocope de gigaoctet.
giga;[];étymologie manquante ou incomplète. si vous la connaissez, vous pouvez l’ajouter en cliquant ici.
giga;[];étymologie manquante ou incomplète. si vous la connaissez, vous pouvez l’ajouter en cliquant ici.
glycéro;[];(adjectif) → voir glycéro-.
glycéro;[u'glyc\xe9rophtalique'];(nom) apocope de glycérophtalique.
gogue;[];(1) de l’ancien français gogue (« divertissement, plaisanterie ») → voir goguenard, gogaille, goguette et gogo.
gogue;[u'goguenot'];(2) probablement apocope de goguenot (« baquet, pot de chambre, latrines »).
gogue;[];(3) nom du créateur de ce type d’enrênement.
gogue;[];étymologie manquante ou incomplète. si vous la connaissez, vous pouvez l’ajouter en cliquant ici.
greg;[];(date à préciser) par apocope, de grégoire.
greg;[];(date à préciser) par apocope, de gregory.
greg;[u'gregor'];(date à préciser) par apocope de gregor.
gyro;[];(nom 1) du grec γύρος, gýros.
gyro;[u'gyrophare'];(nom 2) apocope de gyrophare.
gyro;[u'gyroscope'];(nom 3) apocope de gyroscope.
gyro;[];le doner kebab, popularisé sous le nom de kebab est la variante turque du gyro grec où les lanières de viande, empilées, sont cuites sur une broche verticale.
gyro;[];de gyrus (« cercle (que l’on fait faire au cheval), volte, pirouette »).
gyro;[];faire des voltes (en parlant d'un cheval).
gyro;[];parcourir la vallée
hallu;[u'hallucination'];(siècle à préciser) apocope de hallucination.
hash;[u'haschich'];apocope de haschich.
hash;[];du français hacher.
hebdo;[u'hebdomadaire'];(xxe siècle) apocope de hebdomadaire.
hélio;[u'h\xe9liogravure'];apocope de héliogravure.
hélio;[];du grec ancien ἥλιος, hélios (« soleil »).
hippo;[u'hippopotame'];apocope de hippopotame.
hippo;[u'hippopotamus'];apocope de hippopotamus (« hippopotame »).
histo;[u'histogramme'];apocope de histogramme.
histo;[];du grec ancien, d’où « trame », et, par extension « tissu ».
hyper;[u'hypermarch\xe9'];(nom) apocope d’hypermarché.
hyper;[];(verbe) de l’anglais hype (« une sorte de danse »).
impec;[u'impeccable', u'impeccablement'];apocope d’impeccable ou impeccablement.
impec;[];→ voir impeccable
impec;[];→ voir impeccablement
imper;[u'imperm\xe9able'];de imperméable, par apocope.
imper;[];du latin imperium.
inox;[u'inoxydable'];apocope de inoxydable.
insti;[u'instituteur', u'institutrice'];apocope de instituteur ou institutrice.
instit;[u'instituteur', u'institutrice'];diminutif par apocope d’instituteur ou d’institutrice.
intello;[u'intellectuel'];(siècle à préciser) apocope d’intellectuel avec finale -o qui rend le mot plus familier comme apéro pour apéritif, ventilo pour ventilateur, etc.
intox;[u'intoxication'];(xxe siècle) apocope de intoxication avec le sens de « état mental provoqué par l'obsession d'une idée ».
intox;[];le sens 2 est popularisé par la rubrique « info ? intox ? », dans l'émission de télévision « double jeu » diffusée en 1991 et 1992 sur france 2. dans cette rubrique, des reportages vrais ou faux étaient proposés aux candidats et aux invités de l’émission, reportages dont ils devaient trouver s’il s’agissait d’info ou d’intox.
jap;[u'japonais'];(siècle à préciser) apocope de japonais.
jap;[u'japanese'];(siècle à préciser) apocope de japanese (« japonais »).
jojo;[u'avec redoublement g\xe9n\xe9ralement hypocoristique'];apocope avec redoublement généralement hypocoristique.
kalach;[u'kalachnikov'];apocope de kalachnikov.
kalash;[u'kalashnikov'];apocope de kalashnikov.
kilo;[];du préfixe kilo-, lui-même issu du grec ancien χίλιοι, khílioi (« mille »).
kilo;[u'kilogramme'];(sens 1) apocope de kilogramme.
kilo;[u'kilooctet'];(sens 2) apocope de kilooctet.
kilo;[u'kilom\xe8tre'];(sens 3) apocope de kilomètre.
kilo;[];du préfixe kilo-, lui-même issu du français kilo-.
kilo;[u'kilogram'];(sens 1) apocope de kilogram.
kilo;[u'kilometre'];(sens 2) apocope de kilometre.
kilo;[];étymologie manquante ou incomplète. si vous la connaissez, vous pouvez l’ajouter en cliquant ici.
kilo;[u'kilogram'];abréviation de kilogram.
kilo;[u'kilogram'];apocope de kilogram.
kilo;[];la traduction en français de l’exemple manque. (ajouter)
kiné;[u'kin\xe9sith\xe9rapeute'];(xxe siècle) apocope de kinésithérapeute, kinésithérapie.
labo;[u'laboratoire'];forme abrégée par apocope du mot laboratoire.
labo;[];de même radical que labor, lapsus sum (« glisser, tomber »), peut-être le dénominal de labes (« chute »).
lili;[];(date à préciser) par aphérèse de divers prénoms : aurélie, amélie, leslie, etc.
lili;[u'liliane'];(date à préciser) par apocope de liliane.
lili;[];étymologie manquante ou incomplète. si vous la connaissez, vous pouvez l’ajouter en cliquant ici.
lope;[u'lopaillekem'];apocope de lopaillekem, largonji de copaille, doublet de copain [1].
lope;[];aphérèse de salope — (jean lacassagne et pierre devaux, l'argot du milieu, p. 116)
lope;[];probablement apparenté à l’allemand lippe, l’anglais lip (« lèvre »), au latin lambo (« lécher »), alternance vocalique de lappé, laper, lamper.
lope;[];et renard lui tire la langue.
lope;[];du vieux norrois hlaupa (« sauter »). on retrouve cette racine dans le mot norvégien løpe (« courir »).
lope;[];il courait en faisant des bonds durant le trajet, heure après heure, pas rapide mais régulier et couvrant beaucoup de terrain.
loulou;[u'louise'];apocope de louise avec redoublement hypocoristique.
lulu;[u'lucien', u'lucienne'];apocope de lucien ou lucienne avec redoublement hypocoristique.
mac;[u'mackintosh'];apocope de mackintosh.
mac;[];étymologie manquante ou incomplète. si vous la connaissez, vous pouvez l’ajouter en cliquant ici.
mac;[];étymologie manquante ou incomplète. si vous la connaissez, vous pouvez l’ajouter en cliquant ici.
maccab;[u'macchab\xe9e'];(siècle à préciser) apocope de macchabée.
mao;[u'mao\xefste'];apocope de maoïste.
mao;[];de mao zedong.
mao;[];(adjectif) du latin malus.
mao;[];(nom) du latin manus.
mat’;[u'matin'];apocope de matin.
mcdo;[u'mcdonald\u2019s'];apocope de mcdonald’s.
mémo;[u'm\xe9morandum'];par apocope de mémorandum.
merdeuf;[u'"m\xe8re de famille" (d\xe9but du xxi\xe8me) dont la consonance \xe9voque meuf (\xab\xa0femme\xa0\xbb) en verlan'];apocope de "mère de famille" (début du xxième) dont la consonance évoque meuf (« femme ») en verlan.
métallo;[u'm\xe9tallurgiste'];(siècle à préciser) apocope de métallurgiste.
météo;[u'm\xe9t\xe9orologie'];(date à préciser) apocope de météorologie.
métro;[];(nom 1) du grec ancien metron (« mesure », et notamment « mesure des vers »).
métro;[u'm\xe9tropolitain'];(nom 2) apocope de « métropolitain », lui-même ellipse de « service de chemin de fer métropolitain ». du latin metropolitanus, («relatif à une ville importante, à une métropole »).
métro;[u'm\xe9tropole'];(nom 3) apocope de « métropole ».
métro;[u'm\xe9tropolitain'];(adjectif) apocope de « métropolitain ».
métro;[];(états-unis) : el (en) ou el (en) ; metro (en) ; subway (en)
métro;[];(royaume-uni) : underground (en) ; underground railway (en) ; tube (en) (londres)
micro;[];le préfixe micro- est issu du grec ancien μικρός, mikros (« petit »).
micro;[u'microphone'];(nom 1) (date à préciser) apocope de microphone.
micro;[u'micro-ordinateur'];(nom 2) (date à préciser) apocope de micro-ordinateur.
micro;[u'micro-informatique'];(nom 3) (date à préciser) apocope de micro-informatique.
mili;[u'militaire'];(siècle à préciser) apocope de militaire.
mili;[];du proto-algonquien *melyi.
mili;[];du proto-algonquien *melyi.
mimi;[u'mignon'];(nom commun 1) apocope de mignon avec redoublement de la syllabe.
mimi;[];(nom commun 2) diminutif par le redoublement hypocoristique de la syllabe initiale de minet.
mimi;[];diminutif pour les chats :
mimi;[];étymologie manquante ou incomplète. si vous la connaissez, vous pouvez l’ajouter en cliquant ici.
mimi;[];étymologie manquante ou incomplète. si vous la connaissez, vous pouvez l’ajouter en cliquant ici.
mimi;[];du babil enfantin, formé comme máma, baba.
mob;[];(1) mot anglais.
mob;[u'mobylette'];(2) apocope de mobylette.
mob;[];(3) étymologie manquante ou incomplète. si vous la connaissez, vous pouvez l’ajouter en cliquant ici..
mob;[];du latin mōbile (« foule »).
mob;[];une foule est un groupe de gens indiscipliné.
mob;[];le milieu est la mafia, ou tout groupe criminel tel.
mob;[];assaillir signifie s’attrouper autour de quelqu’un ou quelque chose.
mob;[];[…] notre capitaine était régulièrement harcelé par les meneurs, qui voulaient être employés pour nous amener à l’intérieur, et qui demandaient avec véhémence à être payés en avance.  (« amener à l’intérieur » à préciser ou à vérifier)
mod;[u'modernist'];de l’anglais, apocope de modernist.
mod;[];étymologie manquante ou incomplète. si vous la connaissez, vous pouvez l’ajouter en cliquant ici.
mod;[];étymologie manquante ou incomplète. si vous la connaissez, vous pouvez l’ajouter en cliquant ici.
mod;[];étymologie manquante ou incomplète. si vous la connaissez, vous pouvez l’ajouter en cliquant ici.
mod;[];étymologie manquante ou incomplète. si vous la connaissez, vous pouvez l’ajouter en cliquant ici.
mod;[];étymologie manquante ou incomplète. si vous la connaissez, vous pouvez l’ajouter en cliquant ici.
momo;[u'maurice'];apocope de maurice avec redoublement hypocoristique.
mono;[u'moniteur'];(nom 1) apocope de moniteur.
mono;[u'monophonique'];(adjectif) apocope de monophonique.
mono;[];ce mot est utilisé en particulier par les enfants placés sous la responsabilité du moniteur.
mono;[];étymologie manquante ou incomplète. si vous la connaissez, vous pouvez l’ajouter en cliquant ici.
mono;[];elle a la mononucléose.
mono;[];il a attrapé la mononucléose.
mono;[];par haplologie de maimón.
mono;[];le manque apparait dans les premières 24 heures dès que le toxicomane tente d’arréter la drogue.
mono;[];étymologie manquante ou incomplète. si vous la connaissez, vous pouvez l’ajouter en cliquant ici.
mono;[];étymologie manquante ou incomplète. si vous la connaissez, vous pouvez l’ajouter en cliquant ici.
moto;[u'motocyclette'];apocope du mot motocyclette.
moto;[];du proto-malayo-polynésien *mata.
moto;[];étymologie manquante ou incomplète. si vous la connaissez, vous pouvez l’ajouter en cliquant ici.
moto;[];du latin motus.
moto;[];de l’espéranto moto.
moto;[];(1) diminutif de motocicletta.
moto;[];→ prononciation manquante. (ajouter)
moto;[];étymologie manquante ou incomplète. si vous la connaissez, vous pouvez l’ajouter en cliquant ici.
moto;[];étymologie manquante ou incomplète. si vous la connaissez, vous pouvez l’ajouter en cliquant ici.
moto;[];de l’italien motto.
moto;[];étymologie manquante ou incomplète. si vous la connaissez, vous pouvez l’ajouter en cliquant ici.
moto;[];utilisation du mot français.
moza;[u'mozzarelle'];(siècle à préciser) de mozzarelle par apocope.
moza;[];féminin de mozo.
mozza;[u'mozzarelle'];(siècle à préciser) de mozzarelle par apocope.
muscu;[u'musculation'];apocope de musculation.
muscu;[];étymologie manquante ou incomplète. si vous la connaissez, vous pouvez l’ajouter en cliquant ici.
muzz;[u'musulman'];par apocope de musulman, la consonne finale étant inspirée de la prononciation plutôt que de la graphie originelle.
nécro;[u'n\xe9crologie'];apocope de nécrologie.
nes;[u'nescaf\xe9'];(siècle à préciser) apocope de nescafé.
nes;[];(vers 1080) nes (chanson de roland). du latin nasus (même sens). plus avant, de l’indo-européen commun *nas- dont sont issus l’anglais nose, l’allemand nase, le tchèque ou le polonais nos, le russe нос nos, le lituanien nosis.
nes;[];du vieux breton nes.
nes;[];mentionné dans le catholicon (nes).
nes;[];à comparer avec les mots nes en gallois et cornique (sens voisin : plus proche).
nes;[];étymologie manquante ou incomplète. si vous la connaissez, vous pouvez l’ajouter en cliquant ici.
nes;[];forme et orthographe du dialecte puter.
nib;[u'nibergue'];apocope de nibergue, du fourbesque niberta. autre hypothèse : directement du pataouète nib, du fubersco (argot italien) niberta.
nico;[u'nicolas'];apocope de nicolas.
nico;[];étymologie manquante ou incomplète. si vous la connaissez, vous pouvez l’ajouter en cliquant ici.
n’imp;[u'n\u2019importe quoi'];(date à préciser) apocope de n’importe quoi.
nitro;[u'nitroglyc\xe9rine'];apocope de nitroglycérine.
nitro;[];tiré du latin nitrum, dérivé du grec ancien νίτρον nítron.
nitro;[];du latin nitrum.
nitro;[];(xixe siècle) emprunté par jungmann au russe нутро, nytro, apparenté au latin interus.
nouvelle;[];étymologie manquante ou incomplète. si vous la connaissez, vous pouvez l’ajouter en cliquant ici.
nouvelle;[];(sens 1 et 2) on a longtemps cru que ces noms devaient leur origine au père jésuite henri nouvel qui œuvra pendant plusieurs années en nouvelle-france. en fait, le toponyme doit plutôt son origine à l’appellation « la nouvelle » ou « la nouvelle de carleton » qu’on utilisa dès la fin du xviiie siècle pour désigner les nouvelles terres ouvertes à la colonisation, situées à l’ouest de carleton.
nouvelle;[u'nouvelle-cal\xe9donie'];(sens 3) apocope de nouvelle-calédonie.
nympho;[u'nymphomane'];(date à préciser) apocope de nymphomane.
off;[];(xxe siècle) de l’anglais off représentant la forme abrégée des termes offstage « hors de la scène, en coulisse » et offscreen « hors de l'écran ».
off;[u'officier'];apocope de officier dans le mot sous-off (mais off avec le sens de « officier » semble ne pas exister).
off;[];après le « off-festival », nous aurons droit à un « off-off-festival. » — (g. dumur, le nouvel observateur, 6 juillet 1970 ds banque mots no 6 1973, p.228)
off;[];étymologie manquante ou incomplète. si vous la connaissez, vous pouvez l’ajouter en cliquant ici.
off;[];il tombe amoureux de la séduisante jeune croque-mort, pour finalement découvrir qu’elle tue des gens pour faire tourner les pompes funèbres.
ophtalmo;[u'ophtalmologue', u'ophtalmologiste'];apocope de ophtalmologue ou ophtalmologiste.
palu;[u'paludisme'];(date à préciser) apocope de paludisme.
palu;[];étymologie manquante ou incomplète. si vous la connaissez, vous pouvez l’ajouter en cliquant ici.
palu;[];la traduction en français de l’exemple manque. (ajouter)
palu;[];étymologie manquante ou incomplète. si vous la connaissez, vous pouvez l’ajouter en cliquant ici.
palu;[];la traduction en français de l’exemple manque. (ajouter)
palu;[];étymologie manquante ou incomplète. si vous la connaissez, vous pouvez l’ajouter en cliquant ici.
palu;[];la traduction en français de l’exemple manque. (ajouter)
palu;[];étymologie manquante ou incomplète. si vous la connaissez, vous pouvez l’ajouter en cliquant ici.
palu;[];la traduction en français de l’exemple manque. (ajouter)
palu;[];la traduction en français de l’exemple manque. (ajouter)
palu;[];la traduction en français de l’exemple manque. (ajouter)
palu;[];la traduction en français de l’exemple manque. (ajouter)
pan pan;[u'panne'];apocope de panne.
pan pan pan;[u'panne'];apocope de panne.
panam;[u'panam\xe9ricain'];apocope de panaméricain.
para;[];étymologie manquante ou incomplète. si vous la connaissez, vous pouvez l’ajouter en cliquant ici.
para;[u'parachutiste'];(nom 1, adjectif) apocope de parachutiste.
para;[u'parapharmacie'];(nom 2) apocope de parapharmacie.
para;[];étymologie manquante ou incomplète. si vous la connaissez, vous pouvez l’ajouter en cliquant ici.
para;[];étymologie manquante ou incomplète. si vous la connaissez, vous pouvez l’ajouter en cliquant ici.
para;[];étymologie manquante ou incomplète. si vous la connaissez, vous pouvez l’ajouter en cliquant ici.
para;[];étymologie manquante ou incomplète. si vous la connaissez, vous pouvez l’ajouter en cliquant ici.
para;[];étymologie manquante ou incomplète. si vous la connaissez, vous pouvez l’ajouter en cliquant ici.
para;[];du nom de la ville brésilienne pará, lieu de production de ce caoutchouc.
para;[];étymologie manquante ou incomplète. si vous la connaissez, vous pouvez l’ajouter en cliquant ici.
para;[];je pense qu'il prit vers un jour.
para;[];étymologie manquante ou incomplète. si vous la connaissez, vous pouvez l’ajouter en cliquant ici.
passing;[u'passing-shot'];(2) apocope de l’anglais passing-shot.
passing;[];voir le verbe pass.
patro;[u'patronage'];apocope de patronage.
patro;[];actuellement, ce terme est surtout utilisé en belgique et au canada. son utilisation en france est devenue rare.
patro;[];du latin pater.
patro;[];mon père m’aime.
patro;[];le père de mon père est mon grand-père.
patro;[];que le père remplisse ses devoirs de père, et le fils ses devoirs de fils.
patro;[];du latin pater.
patro;[];patrare est un terme fréquemment employé dans des formules consacrées telles que patrare jusjurandum, pacem, helium, promissa. on appelait pater patrator le magistrat qui, après un certain cérémonial, était investi du pouvoir de conclure un traité ou de déclarer la guerre. on trouve de même perpetrare promissa, pacem, sacrificium. mais il se prend souvent en mauvaise part[1].
patro;[];de pater[2] → voir materner, « s’occuper de ».
patro;[];faire les semailles.
patro;[];exécuter les ordres.
patro;[];perpétrer un crime.
patro;[];conclure la paix.
patro;[];terminer la guerre.
patro;[];faire un serment solennel.
patro;[];l’œil mourant de plaisir.
patro;[];s’accoupler, copuler.
patro;[];du vieux slave pętro qui donne le polonais piętro, le russe dialectal pjatro, dont le sens initial était sans doute « plafond, voute » ; d’origine incertaine :de l’indo-européen commun *pent- → voir pouť, pons en latin, « voute = pont » ;de l’indo-européen commun *(s)pen- « attacher » → voir pnout.
patro;[];troisième étage.
pec;[];(adjectif) du néerlandais pekelharing (« hareng salé »).
pec;[u'pectoral'];(nom) apocope de pectoral, lui-même ellipse de muscle pectoral.
pec;[];étymologie manquante ou incomplète. si vous la connaissez, vous pouvez l’ajouter en cliquant ici.
pec;[];voyez péct (« cuire au four »).
pec;[];la traduction en français de l’exemple manque. (ajouter)
pédo;[u'p\xe9dophile'];apocope de pédophile.
pépé;[u'p\xe8re'];apocope de père avec redoublement de la syllabe → voir papa.
perf;[u'performance'];(nom 1) apocope de performance.
perf;[u'perfusion'];(nom 2) apocope de perfusion.
périph;[u'p\xe9riph\xe9rique'];apocope de périphérique, lui-même ellipse de boulevard périphérique.
perm;[u'permission'];(nom commun 1) apocope de permission.
perm;[u'permanence'];(nom commun 2) apocope de permanence.
perm;[];congé :
perm;[];heure sans cours :
perm;[];salle de classe spécial :
perm;[];du moyen français permanent.
perme;[u'permission'];apocope de permission.
perme;[];congé :
perme;[];heure sans cours :
perme;[];salle de classe spécial :
perpète;[u'perp\xe9tuit\xe9'];apocope de perpétuité.
perpette;[u'perp\xe9tuit\xe9'];apocope de perpétuité.
perquise;[u'perquisition'];apocope argotique de perquisition.
perso;[u'chaque mot'];apocope de chaque mot.
perso;[];cet adjectif est aussi invariable.
perso;[];étymologie manquante ou incomplète. si vous la connaissez, vous pouvez l’ajouter en cliquant ici.
phil;[u'philippe'];apocope de philippe ainsi que de tout autre prénom commençant par phil.
phil;[];diminutif de philip.
photo;[u'photographie'];apocope de photographie.
photo;[u'photograph'];apocope de photograph.
pistoche;[u'piscine'];(siècle à préciser) apocope de piscine avec le suffixe -oche.
pneu;[u'pneumatique'];(1891) apocope de pneumatique.
pneu;[];seule une minorité de noms français en -eu ont leur pluriel en -eus au lieu de -eux : beu, bisteu, bleu, émeu, enfeu, eu, lieu (dans le sens du poisson), neuneu, pneu, rebeu.
pneu;[];ce nom est fréquemment et usuellement prononcé /pø.nø/ en provence.
polard;[u'polaris\xe9'];de polarisé, par apocope.
polarder;[u'polaris\xe9'];de polarisé, par apocope.
polio;[u'poliomy\xe9lite'];apocope de poliomyélite.
polio;[];du radical indo-européen commun *par [1] qui est dans parēre → voir pulcher.
polio;[];pierre polie.
popo;[u'pauline'];apocope phonétique de pauline avec redoublement expressif.
porno;[u'pornographique'];(siècle à préciser) apocope de pornographique.
porno;[u'pornografick\xfd'];(siècle à préciser) apocope de pornografický.
port;[];(nom commun 1) du latin portus (« passage »).
port;[u'portable'];(nom commun 2) apocope de portable.
port;[];du latin portus.
port;[];étymologie manquante ou incomplète. si vous la connaissez, vous pouvez l’ajouter en cliquant ici.
port;[];étymologie manquante ou incomplète. si vous la connaissez, vous pouvez l’ajouter en cliquant ici.
port;[];port payé
port;[];envoyer un colis en port payé
port;[];une lettre doit être affranchie d’un timbre de un euro
port;[];un verre de porto
port;[];étymologie manquante ou incomplète. si vous la connaissez, vous pouvez l’ajouter en cliquant ici.
port;[];forme et orthographe du dialecte puter.
port;[];étymologie manquante ou incomplète. si vous la connaissez, vous pouvez l’ajouter en cliquant ici.
postdoc;[u'postdoctorant'];apocope de postdoctorant.
postop;[u'postop\xe9ratoire'];apocope postopératoire.
pote;[u'poteau'];(1898) apocope de poteau au sens familier de « ami ».
pote;[];étymologie manquante ou incomplète. si vous la connaissez, vous pouvez l’ajouter en cliquant ici.
pote;[];étymologie obscure, peut-être dérivé[1] de poe (« patte »).
pote;[];main gauche.
pote;[];étymologie manquante ou incomplète. si vous la connaissez, vous pouvez l’ajouter en cliquant ici.
pote;[];étymologie manquante ou incomplète. si vous la connaissez, vous pouvez l’ajouter en cliquant ici.
prépa;[u'classe pr\xe9paratoire aux grandes \xe9coles'];(date à préciser) apocope de classe préparatoire aux grandes écoles.
préso;[u'pr\xe9servatif'];(2000-2010) apocope de préservatif.
preu;[u'premier'];apocope de premier.
preu;[];du latin prode.
preu;[];(1272) du latin prĕtium
pro;[u'professionnel'];(nom 1) (siècle à préciser) apocope de professionnel.
pro;[];(nom 2) (siècle à préciser) lexicalisation du préfixe pro-.
pro;[];étymologie manquante ou incomplète. si vous la connaissez, vous pouvez l’ajouter en cliquant ici.
pro;[];elle sort son chien trois fois par jour.
pro;[];(siècle à préciser) du latin pro.
pro;[];pour l’amour de dieu et pour le peuple chrétien et notre commun salut, à partir de ce jour, autant que dieu me donnera savoir et pouvoir, je défendrai mon frère charles par mon aide et en toute chose, comme on doit de droit secourir son frère, pourvu qu’il fasse de même pour moi, et je ne prendrai jamais avec lothaire aucun plaid qui, de ma volonté, soit dommageable à mon frère charles.
pro;[];(nom 1) (siècle à préciser) du latin pro.
pro;[u'professional'];(nom 2) (siècle à préciser) apocope de professional.
pro;[];étymologie manquante ou incomplète. si vous la connaissez, vous pouvez l’ajouter en cliquant ici.
pro;[];étymologie manquante ou incomplète. si vous la connaissez, vous pouvez l’ajouter en cliquant ici.
pro;[];(siècle à préciser) de l’indo-européen commun, comparez avec le grec ancien πρό, pro (« devant »).
pro;[];pardieu !
pro;[];bonté divine !
pro;[];ô honte !
pro;[];quelle honte !
pro;[];oh ! vénérable jupiter !
pro;[];hélas ! nous sommes si dégénérés !
pro;[];devant le camp.
pro;[];du haut des murailles.
pro;[];en qualité de proconsul.
pro;[];servir de père à quelqu’un.
pro;[];tenir pour certain.
pro;[];selon les circonstances.
pro;[];mourir pour la patrie.
pro;[];(xiie siècle) du latin vulgaire prode.
pro;[];étymologie manquante ou incomplète. si vous la connaissez, vous pouvez l’ajouter en cliquant ici.
pro;[];forme et orthographe du dialecte puter.
pro;[];(siècle à préciser) de l’indo-européen commun, comparez avec le grec ancien πρό, pro (« devant »), le latin pro, etc.
pro;[];pardieu ! bonté divine !
pro;[u'projet'];apocope de projet.
prof;[u'professeur'];(date à préciser) apocope de professeur.
prof;[];du latin prope (« près »).
prof;[];de proche en proche.
prof;[];étymologie manquante ou incomplète. si vous la connaissez, vous pouvez l’ajouter en cliquant ici.
prog;[u'programmation'];apocope de programmation.
projo;[u'projecteur'];apocope de projecteur avec le suffixe familier -o.
prolong;[u'prolongation'];apocope de prolongation.
prolong;[];étymologie manquante ou incomplète. si vous la connaissez, vous pouvez l’ajouter en cliquant ici.
promo;[u'promotion'];(siècle à préciser) apocope de promotion.
promo;[u'promotion'];apocope de promotion.
promo;[];composé de pro- et emo.
promo;[];tirer de l’argent du trésor.
promo;[];tirer des médicaments d’une pharmacie portative.
promo;[];tirer du vin au tonneau.
promo;[];les vignes poussent.
promo;[];tendre la main avec hésitation.
promo;[];ils sortent des flancs du cheval de bois.
proprio;[u'propri\xe9taire'];apocope de propriétaire.
proprio;[];du latin proprius.
pross;[];étymologie manquante ou incomplète. si vous la connaissez, vous pouvez l’ajouter en cliquant ici.
pross;[u'processeur'];(nom 2) apocope de processeur.
proto;[u'prototype'];apocope de prototype.
proto;[];composé de pro et to, littéralement « pour ça » → voir pourquoi.
provoc;[u'provocation'];(date à préciser) apocope de provocation.
proxo;[u'prox\xe9n\xe8te'];apocope de proxénète.
préop;[u'pr\xe9op\xe9ratoire'];apocope préopératoire.
pseudo;[u'pseudonyme'];(siècle à préciser) apocope de pseudonyme, lui-même issu du grec ancien ψευδώνυμος, pseudōnumos.
publi;[u'publication'];apocope de publication.
pyj;[u'pyjama'];(date à préciser) apocope de pyjama.
pyj;[];(date à préciser) dans les langues slaves, n’existe qu’en tchèque, l’étymon est *pu- (« gonfler ») → voir puchnout, pýcha et pysk.
pyj;[];la traduction en français de l’exemple manque. (ajouter)
quinqua;[u'quinquag\xe9naire'];apocope de quinquagénaire.
rab;[u'rabiot'];apocope de rabiot. en 1859, un dictionnaire écrit : « rabiot : soupe que les soldats laissent quelquefois au fond de la gamelle ». avoir du rabiot désignait le fait de récupérer la soupe laissée par les autres. depuis, l'expression a voyagé des champs de batailles aux cantines scolaires.
rab;[];(xixe siècle) du russe раб, rab qui correspond étymologiquement au tchèque robě et sémantiquement à robota.
rab;[];étymologie manquante ou incomplète. si vous la connaissez, vous pouvez l’ajouter en cliquant ici.
rando;[u'randonn\xe9e'];apocope de randonnée.
rando;[];de l’allemand rand (« bord »).
ravito;[u'ravitaillement'];apocope de ravitaillement.
réa;[];(nom 1) (xixe siècle) déformation de rouet.
réa;[u'r\xe9animation'];(nom 2) (xxe siècle) apocope de réanimation.
réa;[];(verbe) → voir réer
réa;[];du latin regina.
réac;[u'r\xe9actionnaire'];apocope de réactionnaire.
récap;[u'r\xe9capitulatif'];(nom 1) apocope de récapitulatif.
récap;[u'r\xe9capitulation'];(nom 2) apocope de récapitulation.
reco;[u'reconnaissance'];apocope de reconnaissance
reco;[u'reconnexion'];apocope de reconnexion
reco;[u'recommandation'];apocope de recommandation
reco;[];as-tu essayé de reconnecter l’application après avoir effectué la manipulation décrite sur le site dont je t’ai envoyé l’adresse ?
reco;[];étymologie manquante ou incomplète. si vous la connaissez, vous pouvez l’ajouter en cliquant ici.
reco;[];j’ai dieu avec moi.
rédac;[u'r\xe9daction'];apocope de rédaction.
redif;[u'rediffusion'];apocope de rediffusion.
rediff;[u'rediffusion'];apocope de rediffusion.
réduc;[u'r\xe9duction'];(date à préciser) apocope du mot réduction.
resto;[u'restaurant'];apocope de restaurant.
resto;[];déverbal de restar.
resto;[];de l’italien resto.
resto;[];de l’italien resto.
resto;[];déverbal de restare.
resto;[];de sto avec le préfixe augmentatif re-.
rétro;[u'r\xe9trospectif'];(adjectif 1) (1974) apocope de rétrospectif.
rétro;[u'r\xe9trograde'];(adjectif 2) (1889) apocope de rétrograde.
rétro;[u'r\xe9troviseur'];(nom) (1935) apocope de rétroviseur.
reuf;[u'du verlan reufr\xe9 de fr\xe8re'];mot formé par apocope du verlan reufré de frère.
réverb;[u'r\xe9verb\xe9ration'];par apocope de réverbération.
rhino;[u'rhinopharyngite'];(nom 1) apocope de rhinopharyngite.
rhino;[u'rhinoc\xe9ros'];(nom 2) apocope de rhinocéros.
rhino;[u'rhinoceros'];apocope de rhinoceros (« rhinocéros »).
rhodo;[u'rhododendron'];(familier) apocope de rhododendron.
riri;[u'du pr\xe9nom richard', u'par aph\xe9r\xe8se du pr\xe9nom henri'];par apocope du prénom richard ou par aphérèse du prénom henri avec redoublement expressif.
riri;[u'rihanna'];par apocope de rihanna, avec redoublement ludique.
sadomaso;[u'sadomasochiste'];apocope de sadomasochiste.
santiag;[u'santiago'];apocope de l’espagnol santiago (« saint-jacques »). probablement de santiago de cuba.
sax;[u'saxophone'];apocope de saxophone.
sax;[u'saxophone'];apocope de saxophone.
sax;[];étymologie manquante ou incomplète. si vous la connaissez, vous pouvez l’ajouter en cliquant ici.
saxo;[u'saxophone'];apocope de saxophone.
scénar;[u'sc\xe9nario'];apocope de scénario.
schizo;[u'schizophr\xe8ne'];apocope de schizophrène.
science po;[u'science politique'];(siècle à préciser) apocope de science politique.
semi;[];(date à préciser) apocope.
semi;[];étymologie manquante ou incomplète. si vous la connaissez, vous pouvez l’ajouter en cliquant ici.
semi;[];la traduction en français de l’exemple manque. (ajouter)
semi;[];étymologie manquante ou incomplète. si vous la connaissez, vous pouvez l’ajouter en cliquant ici.
semi;[];la traduction en français de l’exemple manque. (ajouter)
sensas;[u'sensationnel'];(siècle à préciser) apocope de sensationnel.
sensass;[u'sensationnel'];(siècle à préciser) apocope de sensationnel.
séropo;[u's\xe9ropositif'];(siècle à préciser) apocope de séropositif → voir diapo.
skate;[u'skateboard'];apocope de skateboard.
skate;[];de scates, du néerlandais schaates, de l'ancien français du nord escache qui a donné échasse en français.
slack;[u'slackline'];apocope de slackline.
slack;[];étymologie manquante ou incomplète. si vous la connaissez, vous pouvez l’ajouter en cliquant ici.
slack;[];une corde desserrée.
slack;[];une main molle.
slack;[];négligé au devoir ou au service.
slack;[];le business est faible.
snack;[];étymologie manquante ou incomplète. si vous la connaissez, vous pouvez l’ajouter en cliquant ici.
snack;[u'snack-bar'];(2) (date à préciser) apocope de snack-bar (« comptoir à casse-croute »).
snack;[];étymologie manquante ou incomplète. si vous la connaissez, vous pouvez l’ajouter en cliquant ici.
snow;[u'snowboard'];apocope de snowboard.
snow;[];de l’anglo-saxon snaw, du proto-germanique *snaiwaz, de l’indo-européen commun *sneygʷʰ- (en).
snow;[];à travers la neige et la tempêtel’esprit s’envole heureux et libreil observe et sourit.
soft;[];adjectif : emprunt à l’anglais soft.
soft;[u'software'];nom commun 1 : apocope de l’anglais software.
soft;[u'soft drink'];nom commun 2 : abréviation de l’anglais soft drink.
soft;[];du moyen anglais softe, de l’anglo-saxon sōfte, du proto-germanique *samftijaz, dérivé de *somaz, de l’indo-européen commun *sem-.
sono;[u'sonorisation'];(siècle à préciser) apocope de sonorisation.
sono;[];du latin sonus.
sono;[];du latin sonus.
sono;[];étymologie manquante ou incomplète. si vous la connaissez, vous pouvez l’ajouter en cliquant ici.
sono;[];apparenté [1] au sanscrit svánati (« sonner »), au gotique svana, à l’anglais swan : de l’indo-européen commun *su̯en- [2] (« sonner ») → voir sonus.
sono;[];rendre un son grave.
sono;[];crier évoé !
sono;[];tu devras être chanté.
sono;[];avoir le même sens.
sono;[];du latin somnus.
stat;[u'statistique'];apocope de statistique.
stat;[u'statistic'];abréviation de statistic.
stat;[];étymologie manquante ou incomplète. si vous la connaissez, vous pouvez l’ajouter en cliquant ici.
stat;[];étymologie manquante ou incomplète. si vous la connaissez, vous pouvez l’ajouter en cliquant ici.
stat;[];étymologie manquante ou incomplète. si vous la connaissez, vous pouvez l’ajouter en cliquant ici.
sténo;[u'st\xe9nographie', u'st\xe9nographe'];(siècle à préciser) apocope de sténographie ou sténographe.
sténodactylo;[u'st\xe9nodactylographe'];(siècle à préciser) apocope de sténodactylographe.
stéréo;[u'st\xe9r\xe9ophonique'];(siècle à préciser) apocope de stéréophonique.
stéréo;[];on trouve un pluriel invariable : les sons stéréo, ou non : des chaînes stéréos.
stock-car;[u'stock car racing (la locution nominale anglaise \xab\xa0course de voiture de s\xe9rie\xa0\xbb) compos\xe9 de stock', u'car'];apocope de stock car racing (la locution nominale anglaise « course de voiture de série ») composé de stock et car (« voiture »).
strip;[u'striptease'];apocope de striptease.
strip;[];étymologie manquante ou incomplète. si vous la connaissez, vous pouvez l’ajouter en cliquant ici.
strip;[];étymologie manquante ou incomplète. si vous la connaissez, vous pouvez l’ajouter en cliquant ici.
strip;[];les pilules sont emballées dans une plaquette
stylo;[u'stylographe'];apocope de « stylographe ».
subro;[u'subrogation'];apocope de subrogation.
super;[];(nom) par apocope.
super;[];(adjectif) (adverbe) du préfixe super-.
super;[];du préfixe super-.
super;[];transporteur octocylindre à rétrotraction uniénergétique
super;[];cabriolet automatique à combustion anachronique
super;[];du latin.
super;[];de l’indo-européen commun *upér  [1] (« sur ») qui donne le sanskrit उपरि, upari, le grec ancien ὑπέρ, hypér, le gotique 𐌿𐍆𐌰𐍂 ufar.
super;[];ils jettent par-dessus des solives.
super;[];assez et plus, plus qu'assez.
super;[];pendant le repas.
super;[];pendant le sacrifice.
super;[];au delà de toutes les espérances.
super;[];du latin super.
super;[];des super vacances.
sympa;[u'sympathique'];apocope de sympathique.
sympa;[];s’agissant d’une apocope, sympa est parfois considéré comme invariable en nombre, mais en pratique sa forme pluriel sympas est courante. référence nécessaire
sympa;[];ce mot est inexistant en français québécois.
synchro;[u'synchronis\xe9'];(adjectif) apocope de synchronisé.
synchro;[u'synchronisation'];(nom) apocope de synchronisation.
synthé;[u'synth\xe9tiseur'];(nom commun 1) (siècle à préciser) apocope de synthétiseur.
synthé;[u'synth\xe9tique'];(nom commun 2) (siècle à préciser) apocope de synthétique.
tabagn’s;[u'tabagnon'];apocope de tabagnon.
talkie;[u'talkie-walkie'];(xxe siècle) apocope de talkie-walkie.
taxi;[u'taxim\xe8tre'];(vers 1900) apocope de taximètre.
taxi;[];du français taxi.
taxi;[];du français taxi.
taxi;[];du français taxi.
taxi;[];du français taxi.
taxi;[];du français taxi.
taxi;[];du français taxi.
taxi;[];du français taxi.
taxi;[];du français taxi.
taxi;[];du français taxi.
taxi;[];du français taxi.
taxi;[];commander un taxi
taxi;[];un taxi en maraude
taxi;[];du portugais táxi.
taxi;[];du français taxi.
taxi;[];du français taxi.
taxi;[];du français taxi.
taxi;[];du français taxi.
tech;[u'technologie'];(nom 1) apocope de technologie.
tech;[];(nom 2) apocope.
tech;[];apocope.
tech;[];du proto-celtique *tegos.
techno;[u'technologique'];apocope de technologique.
tekos;[u'teknival'];(nom 1) apocope de teknival.
tekos;[u'technicien'];(nom 2) apocope de technicien.
tempo;[];(nom 1) de l’italien tempo.
tempo;[u'temporisation'];(nom 2) apocope de temporisation.
tempo;[];le pluriel italien tempi est parfois utilisé en français, mais est plus rare que tempos.
tempo;[];étymologie manquante ou incomplète. si vous la connaissez, vous pouvez l’ajouter en cliquant ici.
tempo;[];étymologie manquante ou incomplète. si vous la connaissez, vous pouvez l’ajouter en cliquant ici.
tempo;[];mot composé de temp- et -o « substantif ».
tempo;[];du latin tempus.
tempo;[];étymologie manquante ou incomplète. si vous la connaissez, vous pouvez l’ajouter en cliquant ici.
tempo;[];étymologie manquante ou incomplète. si vous la connaissez, vous pouvez l’ajouter en cliquant ici.
tempo;[];étymologie manquante ou incomplète. si vous la connaissez, vous pouvez l’ajouter en cliquant ici.
tempo;[];étymologie manquante ou incomplète. si vous la connaissez, vous pouvez l’ajouter en cliquant ici.
téra;[u't\xe9raoctet'];apocope de téraoctet.
tetra;[u'tetragonopterus'];apocope de tetragonopterus.
tom;[u'tom-tom'];apocope de tom-tom.
tom;[];du tibétain དོམ, dom (« ours »).
tom;[];nom 1 : étymologie manquante ou incomplète. si vous la connaissez, vous pouvez l’ajouter en cliquant ici.
tom;[u'tomato'];nom 2 : apocope de tomato.
tom;[];étymologie manquante ou incomplète. si vous la connaissez, vous pouvez l’ajouter en cliquant ici.
tom;[];étymologie manquante ou incomplète. si vous la connaissez, vous pouvez l’ajouter en cliquant ici.
tom;[];étymologie manquante ou incomplète. si vous la connaissez, vous pouvez l’ajouter en cliquant ici.
tom;[];étymologie manquante ou incomplète. si vous la connaissez, vous pouvez l’ajouter en cliquant ici.
tom;[];du vieux suédois tomber.
toxico;[u'la derni\xe8re syllabe'];du mot toxicomane, par apocope de la dernière syllabe.
trans;[];(adjectif) du latin trans (« de l’autre côté »).
trans;[u'transsexuel'];(nom commun) apocope de transsexuel.
trans;[];du latin trans.
trans;[];de l’indo-européen commun *ter [1] (« au-delà ») lui-même apparenté au radical qui donne termen. sa forme originelle est encore présente dans certains verbes comme tra-do, tra-duco, tra-mitto, tra-meo.
trans;[];étymologie manquante ou incomplète. si vous la connaissez, vous pouvez l’ajouter en cliquant ici.
trans;[];du français transe.
transat;[u'transatlantique'];(nom 1 et 2) apocope de transatlantique. le fauteuil était initialement utilisé sur les paquebots transatlantiques.
transfo;[u'transformateur'];apocope de transformateur.
trench;[u'trench-coat'];apocope de trench-coat.
trench;[];de l’ancien français trenchier (« trancher, couper »).
trichlo;[u'trichlor\xe9thyl\xe8ne'];apocope de trichloréthylène.
trigo;[u'trigonom\xe9trie'];apocope de trigonométrie.
trigo;[];étymologie manquante ou incomplète. si vous la connaissez, vous pouvez l’ajouter en cliquant ici.
trigo;[];étymologie manquante ou incomplète. si vous la connaissez, vous pouvez l’ajouter en cliquant ici.
trigo;[];étymologie manquante ou incomplète. si vous la connaissez, vous pouvez l’ajouter en cliquant ici.
turbo;[];(nom 1) (xviiie siècle) du nom scientifique turbo, du latin turbo.
turbo;[u'turbocompresseur'];(nom 2) (xxe siècle) apocope de turbocompresseur, du préfixe turbo- dérivé de turbine.
turbo;[];étymologie manquante ou incomplète. si vous la connaissez, vous pouvez l’ajouter en cliquant ici.
turbo;[];de turba[1]. le radical indo-européen est le même que dans tormen (« tourment »), torno (« tourner »), turpo (« déshonorer, flétrir »), torquĕo (« tourner, courber, fléchir, tordre, rouler »), turris (« tour »). pour turba le grec ancien a τύρβη, túrbê qui correspond au verbe στρέφω, stréphô (« tourner ») → voir stropha, « tournure ».
uku;[u'ukul\xe9l\xe9'];apocope de ukulélé.
uku;[];étymologie manquante ou incomplète. si vous la connaissez, vous pouvez l’ajouter en cliquant ici.
uku;[];étymologie manquante ou incomplète. si vous la connaissez, vous pouvez l’ajouter en cliquant ici.
uku;[];étymologie manquante ou incomplète. si vous la connaissez, vous pouvez l’ajouter en cliquant ici.
uku;[];étymologie manquante ou incomplète. si vous la connaissez, vous pouvez l’ajouter en cliquant ici.
végé;[u'v\xe9g\xe9tal', u'v\xe9g\xe9tarien'];(date à préciser) apocope de végétal ou de végétarien.
vélo;[u'v\xe9locip\xe8de'];apocope de vélocipède.
vélo;[];sûr il avait tout de même un grain, des petits vélos dans la cafetière. — (a. boudard, la cerise, 1963 ds bernet-rézeau 1989)
vélo;[];à 2 heures le bubu radine sa fraise (...). je vais quand même pas lui faire un vélo. — (e. hanska, les raouls, 1976, pp. 192-193 ds cellard-rey 1980)
vibro;[u'vibromasseur'];(xxe siècle) apocope de vibromasseur.
vibro;[];de l’indo-européen commun *weib-, weip- [1] (« osciller, balancer ») qui donne aussi wafian en anglo-saxon → voir wave, le sanscrit वेपते vepate (« il tremble »), etc.
vidéo;[];(date à préciser) emprunté à l’anglais video qui a été formé sur le latin video, « je vois ».
vidéo;[u'vid\xe9ophonie', u'vid\xe9ogramme'];le substantif est une apocope de vidéophonie ou de vidéogramme.
visu;[u'visualisation'];apocope de visualisation
visu;[];étymologie manquante ou incomplète. si vous la connaissez, vous pouvez l’ajouter en cliquant ici.
webdocu;[u'webdocumentaire', u'docu'];(xxie siècle) apocope de webdocumentaire, mot composé de web et de docu.
xylo;[u'xylophone'];apocope de xylophone.
zarbe;[u'du verlan zarbi'];apocope du verlan zarbi.
à plus;[];ellipse d’à plus tard.
accro;[u'la derni\xe8re syllabe'];du mot accroché, par apocope de la dernière syllabe, anglicisme de l’anglais américain argotique hooked littéralement « accroché » dans le sens « dépendant (à une drogue) ».
aéro;[u'a\xe9roplane'];(nom commun 1) apocope pour aéroplane.
aéro;[u"a\xe9rodynamique\u2019'"];(nom commun 2) apocope pour aérodynamique’'.
alu;[u'aluminium'];apocope d’aluminium.
alu;[];étymologie manquante ou incomplète. si vous la connaissez, vous pouvez l’ajouter en cliquant ici.
alu;[];étymologie manquante ou incomplète. si vous la connaissez, vous pouvez l’ajouter en cliquant ici.
alu;[];étymologie manquante ou incomplète. si vous la connaissez, vous pouvez l’ajouter en cliquant ici.
alu;[];étymologie manquante ou incomplète. si vous la connaissez, vous pouvez l’ajouter en cliquant ici.
alu;[];étymologie manquante ou incomplète. si vous la connaissez, vous pouvez l’ajouter en cliquant ici.
alu;[];étymologie manquante ou incomplète. si vous la connaissez, vous pouvez l’ajouter en cliquant ici.
amphi;[u'amphith\xe9\xe2tre'];apocope du mot amphithéâtre.
ampli;[u'amplificateur'];apocope de amplificateur.
apéro;[u'ap\xe9ritif'];apocope de apéritif.
app;[u'application'];apocope de application (« application »).
app;[u'application'];apocope de application (« application »).
aprèm;[u'apr\xe8s-midi'];apocope de après-midi.
après-me;[u'apr\xe8s-midi'];apocope de après-midi.
aprème;[u'apr\xe8s-midi'];(siècle à préciser) apocope d’après-midi.
astap;[u'\xe0 se taper le cul par terre'];(adjectif) apocope de à se taper le cul par terre.
astap;[u'\xe0 cet apr\xe8s-midi'];(interjection) apocope de à cet après-midi.
astro;[u'astrologie'];(nom 1) apocope d’astrologie
astro;[u'astronomie'];(nom 2) apocope d’astronomie.
astro;[];du latin astrum, du grec ancien ἄστρον, ástron.
astro;[];étymologie manquante ou incomplète. si vous la connaissez, vous pouvez l’ajouter en cliquant ici.
astro;[];étymologie manquante ou incomplète. si vous la connaissez, vous pouvez l’ajouter en cliquant ici.
astro;[];étymologie manquante ou incomplète. si vous la connaissez, vous pouvez l’ajouter en cliquant ici.
astro;[];étymologie manquante ou incomplète. si vous la connaissez, vous pouvez l’ajouter en cliquant ici.
barbo;[u'barbouillage'];apocope de barbouillage.
barbo;[];étymologie manquante ou incomplète. si vous la connaissez, vous pouvez l’ajouter en cliquant ici.
barbo;[];mot composé de barb- et -o (substantif).
barbo;[];étymologie manquante ou incomplète. si vous la connaissez, vous pouvez l’ajouter en cliquant ici.
barje;[u'barjot'];apocope de barjot (même sens), lui-même verlan de jobard.
barje;[];étymologie manquante ou incomplète. si vous la connaissez, vous pouvez l’ajouter en cliquant ici.
bénef;[u'b\xe9n\xe9fice'];apocope de bénéfice.
bénouze;[u'b\xe9nard'];(siècle à préciser) apocope de bénard avec le suffixe -ouze.
bénouze;[];→ voir pantalon
blair;[u'blaireau'];(date à préciser) apocope de blaireau, ancien mot d’argot désignant le nez.
cafète;[u'caf\xe9t\xe9ria'];apocope de cafétéria.
calva;[u'calvados'];apocope de calvados.
calva;[];on le rattache au vieux slave glova (« tête ») issu de la même racine *glo- en indo-européen commun et en protoslave, lequel a donné głowa en polonais, голова en russe et ukrainien ou hlava en tchèque et slovène.
cas soc;[u'cas social'];apocope de cas social.
cas soc’;[u'cas social'];apocope de cas social.
cata;[u'catastrophe'];apocope de catastrophe.
cata;[];du latin catta.
cata;[];du grec ancien κατά, kata.
cata;[];tous les matins.
cata;[];évangile selon mathieu.
caté;[u'cat\xe9chisme'];apocope de catéchisme.
catho;[u'catholique'];apocope de catholique.
champ’;[u'champagne'];apocope de champagne.
champ’;[];l’orthographe champ’ a le mérite de montrer que le p final se prononce, et ainsi d’éviter la confusion avec le premier sens de champ.
champi;[];(nom 1) variante orthographique de champis
champi;[u'champignon'];(nom 2) apocope de champignon.
champi;[];le féminin est champisse.
champi;[];c’est george sand qui a, pour la première fois, utilisé l’orthographe champi en parlant d’un de ces enfants dans le titre d’un de ses romans françois le champi (1849).
champs-zé;[u'champs-\xe9lys\xe9es'];apocope de champs-élysées.
chimio;[u'chimioth\xe9rapie'];apocope de chimiothérapie.
ciné;[u'cin\xe9ma'];apocope de cinéma, terme étant lui-même l'apocope de cinématographe.
cligno;[u'clignotant'];apocope de clignotant.
collabo;[u'collaborateur'];apocope de collaborateur.
collec;[u'collection'];apocope de collection.
colo;[u'colonie de vacances'];(nom commun 1) apocope de colonie de vacances.
colo;[u'coloscopie'];(nom commun 2) apocope de coloscopie.
colo;[u'colonies'];(nom commun 3) apocope de colonies
colo;[];de l’allemand zoll.
colo;[];(verbe 1) de l’indo-européen commun *kwel-[1] (« tourner », « séjourner ») qui donne aussi βουκόλος, βουκολέω en grec ancien[2]. julius pokorny[1] rapproche de cette racine inquilinus (« locataire »), esquiliae, esquilinus (« esquilin »), colus (« quenouille »), collum (« cou, col, goulot »).
colo;[];(verbe 2) dénominal de colum[2] (« tamis »).
colo;[];cultiver ses champs.
colo;[];accomplir les sacrifices domestiques.
colo;[];pratiquer la vertu.
colo;[];exercer un métier.
colo;[];respecter la paix.
colo;[];j’ai été dévoué aux plébéiens.
colo;[];entourer quelqu’un d’égards et d’attentions.
colo;[];du latin collu.
com;[u'communication'];(nom commun 1) apocope de communication.
com;[u'commentaire'];(nom commun 2) apocope de commentaire.
com;[];1, 2 : du latin quomodo.
com;[];3 : du latin cum.
com;[];étymologie manquante ou incomplète. si vous la connaissez, vous pouvez l’ajouter en cliquant ici.
com;[];du latin cum.
com;[];étymologie manquante ou incomplète. si vous la connaissez, vous pouvez l’ajouter en cliquant ici.
combi;[u'combinaison'];(nom commun 1) apocope de combinaison.
combi;[u'kombinationenwagen'];(nom commun 2) du nom du volkswagen combi, dans lequel combi est l’abréviation de l’allemand kombinationenwagen, « véhicule multi-usage ».
combi;[u'combinatiewagen'];apocope de combinatiewagen.
comme d’hab;[u'comme d\u2019habitude'];apocope de comme d’habitude.
compète;[u'comp\xe9tition'];(siècle à préciser) de compétition par apocope.
condi;[u'conditionnelle'];apocope de conditionnelle.
culture gé;[u'culture g\xe9n\xe9rale'];apocope de culture générale.
cyber;[u'cybercaf\xe9'];(nom) apocope de cybercafé.
cyber;[u'cybern\xe9tique'];(adjectif) apocope de l’adjectif cybernétique.
cyber;[u'cybersex'];apocope de cybersex.
dam;[];aphérèse de amsterdam.
déo;[u'd\xe9odorant'];(siècle à préciser) apocope de déodorant.
dico;[u'dictionnaire'];apocope de dictionnaire.
dico;[];mot composé de dic- et -o « substantif »
dico;[];(verbe 1) ce verbe est mentionné indirectement à l’article olor, le dictionnaire étymologique latin [1] pour souligner et expliquer la fréquence de la mutation consonnantique /l/ > /d/ en latin : olor est donc la forme archaïque de odor ; et consul ou consilium (« conseil ») sont à rapprocher de consedĕo (« être assis ensemble »), consido (« s’asseoir ensemble »). ce verbe n'est donc pas une variante de dico (avec le sens de « déclarer que c'est à (dieu, l'empereur) »), non plus un dérivé suffixé de do (« donner (à dieu, à l'empereur) ») : il est le pendant de lēgo, lēgāre (« léguer »).
dico;[];(verbe 2) d'une racine indoeuropéenne *deik (« montrer ») dont est issu digitus (« doigt, ce qui sert à montrer »), on retrouve ce sens originel dans indiquer ; index (« doigt qui sert à montrer ») et les composés de -dex comme iudex (« juge, celui qui dit le droit »), teach (« enseigner ») en anglais, δίκη, dikê (« droit, justice ») en grec ancien.
dico;[];sur cette base, on observera le sens étymologique des composés des deux verbes (donné ici entre parenthèses) qui suivent la conjugaison dico, dicere ou dico, dicare de leurs radicaux respectifs.
dico;[];le verbe a conservé des formes archaïques :impératif présent dice = dic.indicatif futur dicem = dicam ; dicebo = dicam.indicatif parfait : dixti = dixisti.subjonctif parfait : dixis = dixeris.subjonctif plus-que-parfait : dixem = dixissem.infinitif passé : dixe = dixisse.infinitif présent passif : dicier = dici.
dino;[u'dinosaure'];(siècle à préciser) apocope de dinosaure.
dissert;[u'dissertation'];apocope de dissertation.
disserte;[u'dissertation'];apocope de dissertation.
docu;[u'documentaire'];(siècle à préciser) apocope de documentaire.
double péné;[u'double p\xe9n\xe9tration'];apocope de double pénétration
dém;[u'd\xe9mission'];apocope de démission.
ecsta;[u'ecstasy'];(xxe siècle) apocope d’ecstasy.
en ta;[u'en tabarnak', u'en taboire'];apocope de en tabarnak ou de en taboire.
fac;[u'facult\xe9'];apocope de faculté.
fric;[u'fricot'];(xixe siècle) apocope de fricot sous l'influence de fricoter (« être dans des affaires louches »). autre origine possible du mot: emprunt à l'arabe dialectal "frick" (blé concassé).
géo;[u'g\xe9ographie'];apocope de géographie.
giga;[u'gigantesque'];(adjectif) apocope de « gigantesque », influencé par le préfixe « giga- ».
giga;[u'gigaoctet'];(nom) apocope de gigaoctet.
giga;[];étymologie manquante ou incomplète. si vous la connaissez, vous pouvez l’ajouter en cliquant ici.
giga;[];étymologie manquante ou incomplète. si vous la connaissez, vous pouvez l’ajouter en cliquant ici.
heures supp;[u'heures suppl\xe9mentaires'];apocope de heures supplémentaires.
heures supp;[];→ voir heures supplémentaires
hexa;[u'hexad\xe9cimal'];apocope de hexadécimal.
histo;[u'histogramme'];apocope de histogramme.
histo;[];du grec ancien, d’où « trame », et, par extension « tissu ».
homo;[u'homosexuel'];apocope de homosexuel.
homo;[u'homosexual'];apocope de homosexual.
homo;[];du latin homo.
homo;[];étymologie manquante ou incomplète. si vous la connaissez, vous pouvez l’ajouter en cliquant ici.
homo;[];je suis vraiment accro à cette glace à banane.
homo;[];homogène.
homo;[];club homosexuel.
homo;[];de l’espéranto homo.
homo;[];étymologie manquante ou incomplète. si vous la connaissez, vous pouvez l’ajouter en cliquant ici.
homo;[];archaïquement hĕmo (voir benus pour un développement similaire) qui donne nēmō (« personne »), de l’indo-européen commun *dʰǵʰm̥mō (« [chose / fils] de la terre ») dont sont issus le lituanien žmogus (« homme ») et le vieil anglais guma.
homo;[];il dérive de la racine *dʰéǵʰōm (« terre ») qui donne humus en latin.
homo;[];notons le culte à gaïa, la terre-mère, la croyance que les humains sont les fils et filles de la terre ou, selon la bible, fait de terre. notons encore, en hébreu, la proximité sémantique de אדם, adam, le premier homme selon la genèse et אדמה, adamah, la terre.
homo;[];le mot n’est peut-être pas issu d’un signifié « fils de la terre » mais tout simplement, comme le fait le dictionnaire d'étymologie latine [1], « terrien », par opposition aux dieux, habitants des cieux, caelicolae en latin.
impro;[u'improvisation'];apocope de improvisation.
indé;[u'ind\xe9pendant'];début du mot indépendant.
infra;[];(adverbe) du latin infra.
infra;[];(nom) apocope.
infra;[];du latin infra.
infra;[];du latin infra.
infra;[];crase du féminin infera (sous-entendant parte, « partie ») de inferus (« qui est en bas »).
ingé;[u'ing\xe9nieur'];abréviation de ingénieur.
inspi;[u'inspiration'];apocope de inspiration.
interro;[u'interrogation'];apocope de interrogation.
intro;[u'introduction'];apocope de introduction.
intro;[];de l’adverbe latin intro.
intro;[];de l’indo-européen commun *tr [1] (« traverser > transgresser > limite > rester ») avec le préfixe in- (« dans »).
keud;[u'que dalle'];apocope de que dalle.
mac;[u'mackintosh'];apocope de mackintosh.
mac;[];étymologie manquante ou incomplète. si vous la connaissez, vous pouvez l’ajouter en cliquant ici.
mac;[];étymologie manquante ou incomplète. si vous la connaissez, vous pouvez l’ajouter en cliquant ici.
magnéto;[u'g\xe9n\xe9ratrice magn\xe9to-\xe9lectrique'];(nom 1) abréviation de génératrice magnéto-électrique.
magnéto;[u'magn\xe9tophone', u'magn\xe9toscope'];(nom 2) apocope de magnétophone ou magnétoscope.
manif;[u'manifestation'];(siècle à préciser) apocope de manifestation.
manip;[u'manipulation'];apocope de manipulation.
mao;[u'mao\xefste'];apocope de maoïste.
mao;[];de mao zedong.
mao;[];(adjectif) du latin malus.
mao;[];(nom) du latin manus.
maso;[u'masochiste'];apocope de masochiste.
maso;[];étymologie manquante ou incomplète. si vous la connaissez, vous pouvez l’ajouter en cliquant ici.
maso;[];du vieux slave мѩсо, męso.
maths;[u'math\xe9matiques'];apocope de mathématiques.
maths;[u'mathematics'];apocope de mathematics.
méga;[u'm\xe9gaoctet'];apocope de mégaoctet.
mégalo;[u'm\xe9galomane'];apocope de mégalomane.
mêlé-cass;[u'm\xeal\xe9-cassis'];apocope de mêlé-cassis.
ménoche;[u'm\xe9nopause'];(siècle à préciser) apocope de ménopause avec le suffixe -oche.
mic;[u'micro'];apocope de micro, lui-même apocope de microphone.
mic;[u'microphone'];apocope de microphone.
mic;[];probablement du latin miccus.
mili;[u'militaire'];(siècle à préciser) apocope de militaire.
mili;[];du proto-algonquien *melyi.
mili;[];du proto-algonquien *melyi.
mode op;[u'mode op\xe9ratoire'];apocope de mode opératoire.
mono;[u'moniteur'];(nom 1) apocope de moniteur.
mono;[u'monophonique'];(adjectif) apocope de monophonique.
mono;[];ce mot est utilisé en particulier par les enfants placés sous la responsabilité du moniteur.
mono;[];étymologie manquante ou incomplète. si vous la connaissez, vous pouvez l’ajouter en cliquant ici.
mono;[];elle a la mononucléose.
mono;[];il a attrapé la mononucléose.
mono;[];par haplologie de maimón.
mono;[];le manque apparait dans les premières 24 heures dès que le toxicomane tente d’arréter la drogue.
mono;[];étymologie manquante ou incomplète. si vous la connaissez, vous pouvez l’ajouter en cliquant ici.
mono;[];étymologie manquante ou incomplète. si vous la connaissez, vous pouvez l’ajouter en cliquant ici.
mons;[u'monsieur'];apocope de monsieur.
mons;[];étymologie obscure :lewis et short [1] proposent de le rattacher à un radical indo-européen commun *men (« dominer ») et de l’apparenter à emineo, mentum, minari et minae → voir promontorium et promunturium.il est apparenté [2] au breton menez (« mont »), au radical *men (« dominer ») cité ci-dessus mais aussi *mon- (« tourner, cou ») qui donne mon-ile (« collier ») selon la même métaphore qui, sur un autre radical, lie le latin cir-cus (« cercle, cirque ») et le tchèque kr-k (« cou »).
mons;[];lewis et short [1] proposent de le rattacher à un radical indo-européen commun *men (« dominer ») et de l’apparenter à emineo, mentum, minari et minae → voir promontorium et promunturium.
mons;[];il est apparenté [2] au breton menez (« mont »), au radical *men (« dominer ») cité ci-dessus mais aussi *mon- (« tourner, cou ») qui donne mon-ile (« collier ») selon la même métaphore qui, sur un autre radical, lie le latin cir-cus (« cercle, cirque ») et le tchèque kr-k (« cou »).
mons;[];les montagnes ont accouché, une toute petite souris est née.
mons;[];des montagnes d'argent.
mons;[];marbre (pierre grecque)
morfal;[u'morfaloux'];apocope de morfaloux. → voir morfaler
motiv’;[u'motivation'];apocope de motivation.
mytho;[u'mythomane'];apocope de mythomane.
naze;[u"l'argot nazi", u'nasi'];(adjectif, nom 1) (xixe siècle) apocope de l'argot nazi ou nasi (« syphilis »), lui-même issu probablement du mot dialectal « nase » (« morve »).
naze;[];(nom 2) (xixe siècle) peut-être de l’italien naso (« nez »).
nécro;[u'n\xe9crologie'];apocope de nécrologie.
niac;[u'niakou\xe9'];(nom 1) apocope de niakoué, lui-même issu du vietnamien nhà quê (niah-koué, « paysan », « villageois »; « péquenaud »).
nib;[u'nibergue'];apocope de nibergue, du fourbesque niberta. autre hypothèse : directement du pataouète nib, du fubersco (argot italien) niberta.
occaz;[u'occasion'];apocope de occasion.
ophtalmo;[u'ophtalmologue', u'ophtalmologiste'];apocope de ophtalmologue ou ophtalmologiste.
pakos;[u'pakistanais'];apocope de pakistanais.
palu;[u'paludisme'];(date à préciser) apocope de paludisme.
palu;[];étymologie manquante ou incomplète. si vous la connaissez, vous pouvez l’ajouter en cliquant ici.
palu;[];la traduction en français de l’exemple manque. (ajouter)
palu;[];étymologie manquante ou incomplète. si vous la connaissez, vous pouvez l’ajouter en cliquant ici.
palu;[];la traduction en français de l’exemple manque. (ajouter)
palu;[];étymologie manquante ou incomplète. si vous la connaissez, vous pouvez l’ajouter en cliquant ici.
palu;[];la traduction en français de l’exemple manque. (ajouter)
palu;[];étymologie manquante ou incomplète. si vous la connaissez, vous pouvez l’ajouter en cliquant ici.
palu;[];la traduction en français de l’exemple manque. (ajouter)
palu;[];la traduction en français de l’exemple manque. (ajouter)
palu;[];la traduction en français de l’exemple manque. (ajouter)
palu;[];la traduction en français de l’exemple manque. (ajouter)
parano;[u'parano\xefaque'];(adjectif et nom commun 1) apocope de paranoïaque.
parano;[u'parano\xefa'];(nom commun 2) apocope de paranoïa.
pédé;[u'p\xe9d\xe9raste attest\xe9e depuis le xxe si\xe8cle', u'signification'];apocope de pédéraste attestée depuis le xxe siècle, non admise dans la 8e édition du dictionnaire de l'académie française. le trésor de la langue française cite des occurrences écrites du terme à partir de 1945, à partir de 1929 pour le mot pédale, de mêmes origine et signification.
pédé;[];henry bonnier, l'enfant soldat, albin michel, 1987, p. 164
perf;[u'performance'];(nom 1) apocope de performance.
perf;[u'perfusion'];(nom 2) apocope de perfusion.
perso;[u'chaque mot'];apocope de chaque mot.
perso;[];cet adjectif est aussi invariable.
perso;[];étymologie manquante ou incomplète. si vous la connaissez, vous pouvez l’ajouter en cliquant ici.
petit déj’;[u'petit d\xe9jeuner'];par apocope de petit déjeuner.
philo;[u'philosophie'];(nom 1) apocope de philosophie.
philo;[u'philodendron'];(nom 2) apocope de philodendron.
phono;[u'phonographe'];apocope de phonographe.
port;[];(nom commun 1) du latin portus (« passage »).
port;[u'portable'];(nom commun 2) apocope de portable.
port;[];du latin portus.
port;[];étymologie manquante ou incomplète. si vous la connaissez, vous pouvez l’ajouter en cliquant ici.
port;[];étymologie manquante ou incomplète. si vous la connaissez, vous pouvez l’ajouter en cliquant ici.
port;[];port payé
port;[];envoyer un colis en port payé
port;[];une lettre doit être affranchie d’un timbre de un euro
port;[];un verre de porto
port;[];étymologie manquante ou incomplète. si vous la connaissez, vous pouvez l’ajouter en cliquant ici.
port;[];forme et orthographe du dialecte puter.
port;[];étymologie manquante ou incomplète. si vous la connaissez, vous pouvez l’ajouter en cliquant ici.
probas;[u'probabilit\xe9s'];(nom) apocope de probabilités.
proc;[u'proc\xe9dure'];(nom 1) apocope du mot procédure.
proc;[u'procureur(e)'];(nom 2) apocope du mot procureur(e).
prod;[u'production'];(nom 1) apocope de production.
prod;[u'produit'];(nom 2) apocope de produit.
prod;[];étymologie manquante ou incomplète. si vous la connaissez, vous pouvez l’ajouter en cliquant ici.
proprio;[u'propri\xe9taire'];apocope de propriétaire.
proprio;[];du latin proprius.
proxo;[u'prox\xe9n\xe8te'];apocope de proxénète.
psilo;[u'psilocybe'];apocope de « psilocybe ».
pub;[u'publicit\xe9'];(nom commun 1) apocope de publicité.
pub;[];(nom commun 2) de l’anglais pub (« bar »).
pub;[];de public house, littéralement « maison publique ».
quadra;[u'quadrag\xe9naire'];apocope de quadragénaire.
quadra;[];du latin quadra → voir cuadra de même sens en espagnol.
quadra;[];féminin substantivé de quadrus (« carré »).
quadra;[];vivre aux dépens d’autrui.
quadra;[];du latin quadra.
quat’;[u'quatre'];apocope de quatre.
quat’;[];devant une voyelle, on ne dit pas ce mot mais quatre, par exemple quatre amis et non pas *quat’ amis. le préfixe du pluriel z’ peut s’utiliser avec ce mot, comme quat’ z’amis.
quat’;[];on dit très souvent quat’-cents (400) et quat’-mille (4000) mais toujours quatre-vingts (80) parce que ce dernier est un mot composé.
rab;[u'rabiot'];apocope de rabiot. en 1859, un dictionnaire écrit : « rabiot : soupe que les soldats laissent quelquefois au fond de la gamelle ». avoir du rabiot désignait le fait de récupérer la soupe laissée par les autres. depuis, l'expression a voyagé des champs de batailles aux cantines scolaires.
rab;[];(xixe siècle) du russe раб, rab qui correspond étymologiquement au tchèque robě et sémantiquement à robota.
rab;[];étymologie manquante ou incomplète. si vous la connaissez, vous pouvez l’ajouter en cliquant ici.
rando;[u'randonn\xe9e'];apocope de randonnée.
rando;[];de l’allemand rand (« bord »).
récap;[u'r\xe9capitulatif'];(nom 1) apocope de récapitulatif.
récap;[u'r\xe9capitulation'];(nom 2) apocope de récapitulation.
restau;[u'restaurant'];apocope de restaurant.
restau;[];seule une minorité de noms français en -au ont leur pluriel en -aus au lieu de -aux : antitau, burgau, crau, donau, grau, hessiau, jautereau, jotterau, karbau, kérabau, landau, restau, saun gau, senau, tamarau, tau, uchau, unau, wau.
restau u;[u'restaurant', u'u'];composé de restau, apocope de restaurant, et de u, lettre initiale majuscule de universitaire.
resto;[u'restaurant'];apocope de restaurant.
resto;[];déverbal de restar.
resto;[];de l’italien resto.
resto;[];de l’italien resto.
resto;[];déverbal de restare.
resto;[];de sto avec le préfixe augmentatif re-.
sana;[u'sanatorium'];apocope de sanatorium.
sana;[];étymologie manquante ou incomplète. si vous la connaissez, vous pouvez l’ajouter en cliquant ici.
sana;[];de sano (santé) et de -a (adjectif).
sana;[];étymologie manquante ou incomplète. si vous la connaissez, vous pouvez l’ajouter en cliquant ici.
sana;[];il y a cinq mots dans cette phrase.
sana;[];il/elle a toujours le dernier mot sur tout.
sana;[];en un mot.
sana;[];va voir alors, si tu ne me crois pas sur parole !
sana;[];moi, je suis fasciné(e) par les paroles des chansons.
sana;[];c’est l’heure de passer des paroles aux actes.
sana;[];sur ma parole (d’honneur).
sana;[];tenir sa parole (faire les choses promises).
sana;[];formule magique.
sana;[];contrôle de vocabulaire.
sana;[];attention à ce que tu dis !
sana;[];il/elle n’a pas cru à ce que j’ai dis.
sana;[];je ne pouvais pas comprendre ce qu’il disait.
sana;[];il fait ce qu’il dit.
sana;[];je dirais de même. / je ne dirais pas mieux. (littéralement : j’ai les mêmes mots.)
sana;[];dîtes-moi ce que vous en pensez, soyez franc.
sana;[];exprimer par des mots, exprimer verbalement, (littéralement) vêtir en mots/paroles
sana;[];nom :
sana;[];verbe :
sana;[];adjectif :
sana;[];étymologie manquante ou incomplète. si vous la connaissez, vous pouvez l’ajouter en cliquant ici.
sana;[];étymologie manquante ou incomplète. si vous la connaissez, vous pouvez l’ajouter en cliquant ici.
sana;[];étymologie manquante ou incomplète. si vous la connaissez, vous pouvez l’ajouter en cliquant ici.
sana;[];étymologie manquante ou incomplète. si vous la connaissez, vous pouvez l’ajouter en cliquant ici.
sans déc’;[u'sans d\xe9conner'];apocope de sans déconner.
schizo;[u'schizophr\xe8ne'];apocope de schizophrène.
sécu;[u's\xe9curit\xe9 sociale'];apocope de sécurité sociale.
sesqui;[u'sesqui\xe9tage'];apocope de sesquiétage, allusion à un local situé entre les deux derniers étages d'un des bâtiments de l’école.
sesqui;[];contraction de semis et -que.
soluce;[u'solution'];apocope de solution.
sous-off;[u'sous-officier'];(siècle à préciser) apocope de sous-officier.
sous-off’;[u'sous-officier'];(siècle à préciser) apocope de sous-officier.
stup;[u'stup\xe9fiant'];(siècle à préciser) apocope de stupéfiant.
stup;[];du protoslave *stъlpъ, *stlp ; comparez avec le russe столб stolb ou le tchèque sloup.
stup;[];du protoslave *stъlpъ, *stlp ; comparez avec le russe столб stolb ou le tchèque sloup.
sympa;[u'sympathique'];apocope de sympathique.
sympa;[];s’agissant d’une apocope, sympa est parfois considéré comme invariable en nombre, mais en pratique sa forme pluriel sympas est courante. référence nécessaire
sympa;[];ce mot est inexistant en français québécois.
tcherno;[u'tchernobyl'];apocope de tchernobyl.
tech;[u'technologie'];(nom 1) apocope de technologie.
tech;[];(nom 2) apocope.
tech;[];apocope.
tech;[];du proto-celtique *tegos.
télé;[u't\xe9l\xe9vision'];apocope de télévision.
test;[];(nom 1) (xiie siècle) forme collatérale de têt[1], du latin testum (« pot »)[1].
test;[];(nom 2) (1686) de l'anglais test[1] emprunté à l'ancien français test (« pot »)[1] de même origine que le précédent. voir le mot anglais ci-dessous pour l’évolution sémantique qui conduit de « pot » à « examen ».
test;[];du latin testum.
test;[];de l’ancien français test (« pot »).
test;[];étymologie manquante ou incomplète. si vous la connaissez, vous pouvez l’ajouter en cliquant ici.
test;[];de l’anglais test.
test;[];faire passer un test à qn.
test;[];un test antidoping, contrôle antidopage.
test;[];test comparatif.
test;[];test à l’aveugle.
test;[];étymologie manquante ou incomplète. si vous la connaissez, vous pouvez l’ajouter en cliquant ici.
test;[];de l’anglais test.
thalasso;[u'thalassoth\xe9rapie'];apocope de thalassothérapie.
tox;[u'toxicomane'];apocope de toxicomane.
trav;[u'travesti', u'travelo'];apocope de travesti ou travelo.
uni;[u'universit\xe9'];abréviation de université.
uni;[];étymologie manquante ou incomplète. si vous la connaissez, vous pouvez l’ajouter en cliquant ici.
uni;[u'university'];apocope de university.
uni;[];étymologie manquante ou incomplète. si vous la connaissez, vous pouvez l’ajouter en cliquant ici.
uni;[];étymologie manquante ou incomplète. si vous la connaissez, vous pouvez l’ajouter en cliquant ici.
uni;[];étymologie manquante ou incomplète. si vous la connaissez, vous pouvez l’ajouter en cliquant ici.
uni;[];être 'dans le sommeil'.
uni;[];voir 'un rêve'.
uni;[];rêver.
uni;[];faut pas rêver ! / n’y songe même pas !
valo;[u'valorisation'];apocope de « valorisation ».
valo;[];étymologie manquante ou incomplète. si vous la connaissez, vous pouvez l’ajouter en cliquant ici.
valo;[];étymologie manquante ou incomplète. si vous la connaissez, vous pouvez l’ajouter en cliquant ici.
valo;[];étymologie manquante ou incomplète. si vous la connaissez, vous pouvez l’ajouter en cliquant ici.
valo;[];lire au clair de la lune.
valo;[];attendre le feu vert. / attendre la lumière verte.
valo;[];étymologie manquante ou incomplète. si vous la connaissez, vous pouvez l’ajouter en cliquant ici.
ventilo;[u'ventilateur'];apocope de ventilateur, avec le suffixe -o.
webdocu;[u'webdocumentaire', u'docu'];(xxie siècle) apocope de webdocumentaire, mot composé de web et de docu.
yougo;[u'yougoslave'];apocope de yougoslave.
youv;[u'youvoi'];apocope de youvoi, verlan de voyou.
